2024-11-20 16:19:26,712 - MainThread - sqlmesh.core.config.scheduler - WARNING - The snowflake engine is not recommended for storing SQLMesh state in production deployments. Please see https://sqlmesh.readthedocs.io/en/stable/guides/configuration/#state-connection for a list of recommended engines and more information. (scheduler.py:94)
2024-11-20 16:19:26,714 - MainThread - snowflake.connector.connection - INFO - Snowflake Connector for Python Version: 3.12.3, Python Version: 3.12.3, Platform: Linux-6.8.0-48-generic-x86_64-with-glibc2.39 (connection.py:414)
2024-11-20 16:19:26,714 - MainThread - snowflake.connector.connection - INFO - Connecting to GLOBAL Snowflake domain (connection.py:1197)
2024-11-20 16:19:26,714 - MainThread - snowflake.connector.connection - INFO - This connection is in OCSP Fail Open Mode. TLS Certificates would be checked for validity and revocation status. Any other Certificate Revocation related exceptions or OCSP Responder failures would be disregarded in favor of connectivity. (connection.py:1278)
2024-11-20 16:19:27,417 - MainThread - snowflake.connector.cursor - INFO - Number of results in first chunk: 3 (cursor.py:1166)
2024-11-20 16:19:27,538 - MainThread - snowflake.connector.cursor - INFO - Number of results in first chunk: 1 (cursor.py:1166)
2024-11-20 16:19:27,670 - MainThread - snowflake.connector.cursor - INFO - Number of results in first chunk: 1 (cursor.py:1166)
2024-11-20 16:19:27,792 - MainThread - snowflake.connector.cursor - INFO - Number of results in first chunk: 1 (cursor.py:1166)
2024-11-20 16:19:27,916 - MainThread - snowflake.connector.cursor - INFO - Number of results in first chunk: 3 (cursor.py:1166)
2024-11-20 16:19:28,044 - MainThread - snowflake.connector.cursor - INFO - Number of results in first chunk: 1 (cursor.py:1166)
2024-11-20 16:19:28,172 - MainThread - snowflake.connector.cursor - INFO - Number of results in first chunk: 1 (cursor.py:1166)
2024-11-20 16:19:28,297 - MainThread - snowflake.connector.cursor - INFO - Number of results in first chunk: 1 (cursor.py:1166)
2024-11-20 16:19:28,488 - MainThread - snowflake.connector.cursor - INFO - Number of results in first chunk: 0 (cursor.py:1166)
2024-11-20 16:19:28,618 - MainThread - snowflake.connector.cursor - INFO - Number of results in first chunk: 1 (cursor.py:1166)
2024-11-20 16:19:28,771 - MainThread - snowflake.connector.cursor - INFO - Number of results in first chunk: 1 (cursor.py:1166)
2024-11-20 16:19:28,890 - MainThread - snowflake.connector.cursor - INFO - Number of results in first chunk: 1 (cursor.py:1166)
2024-11-20 16:19:29,102 - MainThread - snowflake.connector.cursor - INFO - Number of results in first chunk: 5 (cursor.py:1166)
2024-11-20 16:19:29,224 - MainThread - snowflake.connector.cursor - INFO - Number of results in first chunk: 1 (cursor.py:1166)
2024-11-20 16:19:29,396 - MainThread - snowflake.connector.cursor - INFO - Number of results in first chunk: 5 (cursor.py:1166)
2024-11-20 16:19:29,517 - MainThread - snowflake.connector.cursor - INFO - Number of results in first chunk: 1 (cursor.py:1166)
2024-11-20 16:19:29,644 - MainThread - snowflake.connector.cursor - INFO - Number of results in first chunk: 1 (cursor.py:1166)
2024-11-20 16:19:29,765 - MainThread - snowflake.connector.cursor - INFO - Number of results in first chunk: 1 (cursor.py:1166)
2024-11-20 16:19:29,942 - MainThread - snowflake.connector.cursor - INFO - Number of results in first chunk: 6 (cursor.py:1166)
2024-11-20 16:19:30,082 - MainThread - snowflake.connector.cursor - INFO - Number of results in first chunk: 1 (cursor.py:1166)
2024-11-20 16:19:37,320 - ThreadPoolExecutor-8_0 - sqlmesh.core.snapshot.evaluator - INFO - Listing data objects in schema SQLMESH_DEMO.sqlmesh__SQL_MODELS (evaluator.py:282)
2024-11-20 16:19:37,321 - ThreadPoolExecutor-8_0 - snowflake.connector.connection - INFO - Snowflake Connector for Python Version: 3.12.3, Python Version: 3.12.3, Platform: Linux-6.8.0-48-generic-x86_64-with-glibc2.39 (connection.py:414)
2024-11-20 16:19:37,321 - ThreadPoolExecutor-8_0 - snowflake.connector.connection - INFO - Connecting to GLOBAL Snowflake domain (connection.py:1197)
2024-11-20 16:19:37,322 - ThreadPoolExecutor-8_0 - snowflake.connector.connection - INFO - This connection is in OCSP Fail Open Mode. TLS Certificates would be checked for validity and revocation status. Any other Certificate Revocation related exceptions or OCSP Responder failures would be disregarded in favor of connectivity. (connection.py:1278)
2024-11-20 16:19:37,885 - ThreadPoolExecutor-8_0 - sqlmesh.core.engine_adapter.base - INFO - Executing SQL: SELECT CURRENT_DATABASE() (base.py:2062)
2024-11-20 16:19:38,013 - ThreadPoolExecutor-8_0 - snowflake.connector.cursor - INFO - Number of results in first chunk: 1 (cursor.py:1166)
2024-11-20 16:19:38,141 - ThreadPoolExecutor-8_0 - snowflake.connector.cursor - INFO - Number of results in first chunk: 1 (cursor.py:1166)
2024-11-20 16:19:38,143 - ThreadPoolExecutor-8_0 - sqlmesh.core.engine_adapter.base - INFO - Executing SQL: SELECT CURRENT_DATABASE() (base.py:2062)
2024-11-20 16:19:38,294 - ThreadPoolExecutor-8_0 - snowflake.connector.cursor - INFO - Number of results in first chunk: 1 (cursor.py:1166)
2024-11-20 16:19:38,426 - ThreadPoolExecutor-8_0 - snowflake.connector.cursor - INFO - Number of results in first chunk: 1 (cursor.py:1166)
2024-11-20 16:19:38,441 - ThreadPoolExecutor-8_0 - sqlmesh.core.engine_adapter.base - INFO - Executing SQL: SELECT DISTINCT "TABLE_CATALOG" AS "catalog", "TABLE_NAME" AS "name", "TABLE_SCHEMA" AS "schema_name", CASE WHEN "TABLE_TYPE" = 'BASE TABLE' AND "IS_DYNAMIC" = 'YES' THEN 'MANAGED_TABLE' WHEN "TABLE_TYPE" = 'BASE TABLE' THEN 'TABLE' WHEN "TABLE_TYPE" = 'TEMPORARY TABLE' THEN 'TABLE' WHEN "TABLE_TYPE" = 'LOCAL TEMPORARY' THEN 'TABLE' WHEN "TABLE_TYPE" = 'EXTERNAL TABLE' THEN 'TABLE' WHEN "TABLE_TYPE" = 'EVENT TABLE' THEN 'TABLE' WHEN "TABLE_TYPE" = 'VIEW' THEN 'VIEW' WHEN "TABLE_TYPE" = 'MATERIALIZED VIEW' THEN 'MATERIALIZED_VIEW' ELSE "TABLE_TYPE" END AS "type", "CLUSTERING_KEY" AS "clustering_key" FROM "SQLMESH_DEMO"."INFORMATION_SCHEMA"."TABLES" WHERE "TABLE_SCHEMA" = 'sqlmesh__SQL_MODELS' AND "TABLE_NAME" IN ('SQL_MODELS__SEED_MODEL__4008025669', 'SQL_MODELS__TIME_RANGE_INCREMENTAL_MODEL__66652497', 'SQL_MODELS__VIEW_MODEL__2798581076', 'SQL_MODELS__FULL_MODEL__1482248485', 'SQL_MODELS__UNIQUE_KEY_INCREMENTAL_MODEL__166104753', 'SQL_MODELS__EXTERNAL_MODEL__2639882224', 'SQL_MODELS__PARTITION_INCREMENT_MODEL__1397460444') (base.py:2062)
2024-11-20 16:19:39,166 - ThreadPoolExecutor-8_0 - snowflake.connector.cursor - INFO - Number of results in first chunk: 0 (cursor.py:1166)
2024-11-20 16:19:39,455 - ThreadPoolExecutor-8_0 - snowflake.connector.cursor - INFO - Number of results in first chunk: 1 (cursor.py:1166)
2024-11-20 16:19:39,464 - MainThread - snowflake.connector.connection - INFO - closed (connection.py:789)
2024-11-20 16:19:39,581 - MainThread - snowflake.connector.connection - INFO - No async queries seem to be running, deleting session (connection.py:795)
2024-11-20 16:19:39,694 - MainThread - sqlmesh.core.snapshot.evaluator - INFO - Creating schema 'SQLMESH_DEMO.sqlmesh__SQL_MODELS' (evaluator.py:906)
2024-11-20 16:19:39,695 - MainThread - snowflake.connector.connection - INFO - Snowflake Connector for Python Version: 3.12.3, Python Version: 3.12.3, Platform: Linux-6.8.0-48-generic-x86_64-with-glibc2.39 (connection.py:414)
2024-11-20 16:19:39,695 - MainThread - snowflake.connector.connection - INFO - Connecting to GLOBAL Snowflake domain (connection.py:1197)
2024-11-20 16:19:39,695 - MainThread - snowflake.connector.connection - INFO - This connection is in OCSP Fail Open Mode. TLS Certificates would be checked for validity and revocation status. Any other Certificate Revocation related exceptions or OCSP Responder failures would be disregarded in favor of connectivity. (connection.py:1278)
2024-11-20 16:19:40,274 - MainThread - sqlmesh.core.engine_adapter.base - INFO - Executing SQL: CREATE SCHEMA IF NOT EXISTS "SQLMESH_DEMO"."sqlmesh__SQL_MODELS" (base.py:2062)
2024-11-20 16:19:40,413 - MainThread - snowflake.connector.cursor - INFO - Number of results in first chunk: 1 (cursor.py:1166)
2024-11-20 16:19:40,546 - MainThread - snowflake.connector.cursor - INFO - Number of results in first chunk: 1 (cursor.py:1166)
2024-11-20 16:19:40,548 - ThreadPoolExecutor-12_0 - snowflake.connector.connection - INFO - Snowflake Connector for Python Version: 3.12.3, Python Version: 3.12.3, Platform: Linux-6.8.0-48-generic-x86_64-with-glibc2.39 (connection.py:414)
2024-11-20 16:19:40,549 - ThreadPoolExecutor-12_0 - snowflake.connector.connection - INFO - Connecting to GLOBAL Snowflake domain (connection.py:1197)
2024-11-20 16:19:40,549 - ThreadPoolExecutor-12_0 - snowflake.connector.connection - INFO - This connection is in OCSP Fail Open Mode. TLS Certificates would be checked for validity and revocation status. Any other Certificate Revocation related exceptions or OCSP Responder failures would be disregarded in favor of connectivity. (connection.py:1278)
2024-11-20 16:19:41,068 - ThreadPoolExecutor-12_1 - snowflake.connector.connection - INFO - Snowflake Connector for Python Version: 3.12.3, Python Version: 3.12.3, Platform: Linux-6.8.0-48-generic-x86_64-with-glibc2.39 (connection.py:414)
2024-11-20 16:19:41,074 - ThreadPoolExecutor-12_1 - snowflake.connector.connection - INFO - Connecting to GLOBAL Snowflake domain (connection.py:1197)
2024-11-20 16:19:41,074 - ThreadPoolExecutor-12_1 - snowflake.connector.connection - INFO - This connection is in OCSP Fail Open Mode. TLS Certificates would be checked for validity and revocation status. Any other Certificate Revocation related exceptions or OCSP Responder failures would be disregarded in favor of connectivity. (connection.py:1278)
2024-11-20 16:19:41,088 - ThreadPoolExecutor-12_0 - sqlmesh.core.snapshot.evaluator - INFO - Creating table 'SQLMESH_DEMO.sqlmesh__SQL_MODELS.SQL_MODELS__EXTERNAL_MODEL__2639882224' (evaluator.py:1196)
2024-11-20 16:19:41,102 - ThreadPoolExecutor-12_0 - sqlmesh.core.engine_adapter.base - INFO - Executing SQL: CREATE TABLE IF NOT EXISTS "SQLMESH_DEMO"."sqlmesh__SQL_MODELS"."SQL_MODELS__EXTERNAL_MODEL__2639882224" ("INVOICE_ID" VARCHAR(16777216), "BRANCH" VARCHAR(16777216), "CITY" VARCHAR(16777216), "CUSTOMER_TYPE" VARCHAR(16777216), "GENDER" VARCHAR(16777216), "PRODUCT_LINE" VARCHAR(16777216), "UNIT_PRICE" DECIMAL(38, 2), "QUANTITY" DECIMAL(38, 0), "TAX_5_PERCENT" DECIMAL(38, 4), "TOTAL" DECIMAL(38, 4), "DATE" DATE, "TIME" TIME(9), "PAYMENT" VARCHAR(16777216), "COGS" DECIMAL(38, 2), "GROSS_MARGIN_PERCENTAGE" DECIMAL(38, 9), "GROSS_INCOME" DECIMAL(38, 4), "RATING" DECIMAL(38, 1)) (base.py:2062)
2024-11-20 16:19:41,635 - ThreadPoolExecutor-12_1 - sqlmesh.core.snapshot.evaluator - INFO - Creating table 'SQLMESH_DEMO.sqlmesh__SQL_MODELS.SQL_MODELS__SEED_MODEL__4008025669' (evaluator.py:1196)
2024-11-20 16:19:41,639 - ThreadPoolExecutor-12_1 - sqlmesh.core.engine_adapter.base - INFO - Executing SQL: CREATE TABLE IF NOT EXISTS "SQLMESH_DEMO"."sqlmesh__SQL_MODELS"."SQL_MODELS__SEED_MODEL__4008025669" ("ID" BIGINT, "ITEM_ID" BIGINT, "EVENT_DATE" TEXT) (base.py:2062)
2024-11-20 16:19:41,845 - ThreadPoolExecutor-12_1 - snowflake.connector.cursor - INFO - Number of results in first chunk: 1 (cursor.py:1166)
2024-11-20 16:19:41,859 - ThreadPoolExecutor-12_1 - sqlmesh.core.engine_adapter.base - INFO - Executing SQL: USE SCHEMA "SQLMESH_DEMO"."sqlmesh__SQL_MODELS" (base.py:2062)
2024-11-20 16:19:41,866 - ThreadPoolExecutor-12_0 - snowflake.connector.cursor - INFO - Number of results in first chunk: 1 (cursor.py:1166)
2024-11-20 16:19:41,866 - ThreadPoolExecutor-12_0 - sqlmesh.core.snapshot.evaluator - INFO - Dry running model 'sql_models.external_model' (evaluator.py:1218)
2024-11-20 16:19:41,871 - ThreadPoolExecutor-12_0 - sqlmesh.core.engine_adapter.base - INFO - Executing SQL: SELECT "SUPERMARKET_SALES"."INVOICE_ID" AS "INVOICE_ID", "SUPERMARKET_SALES"."BRANCH" AS "BRANCH", "SUPERMARKET_SALES"."CITY" AS "CITY", "SUPERMARKET_SALES"."CUSTOMER_TYPE" AS "CUSTOMER_TYPE", "SUPERMARKET_SALES"."GENDER" AS "GENDER", "SUPERMARKET_SALES"."PRODUCT_LINE" AS "PRODUCT_LINE", "SUPERMARKET_SALES"."UNIT_PRICE" AS "UNIT_PRICE", "SUPERMARKET_SALES"."QUANTITY" AS "QUANTITY", "SUPERMARKET_SALES"."TAX_5_PERCENT" AS "TAX_5_PERCENT", "SUPERMARKET_SALES"."TOTAL" AS "TOTAL", "SUPERMARKET_SALES"."DATE" AS "DATE", "SUPERMARKET_SALES"."TIME" AS "TIME", "SUPERMARKET_SALES"."PAYMENT" AS "PAYMENT", "SUPERMARKET_SALES"."COGS" AS "COGS", "SUPERMARKET_SALES"."GROSS_MARGIN_PERCENTAGE" AS "GROSS_MARGIN_PERCENTAGE", "SUPERMARKET_SALES"."GROSS_INCOME" AS "GROSS_INCOME", "SUPERMARKET_SALES"."RATING" AS "RATING" FROM SQLMESH_DEMO."PUBLIC"."SUPERMARKET_SALES" AS "SUPERMARKET_SALES" WHERE FALSE LIMIT 0 (base.py:2062)
2024-11-20 16:19:42,019 - ThreadPoolExecutor-12_1 - snowflake.connector.cursor - INFO - Number of results in first chunk: 1 (cursor.py:1166)
2024-11-20 16:19:42,023 - ThreadPoolExecutor-12_1 - sqlmesh.core.engine_adapter.base - INFO - Executing SQL: CREATE TEMPORARY TABLE IF NOT EXISTS "SQLMESH_DEMO"."sqlmesh__SQL_MODELS"."__temp_SQL_MODELS__SEED_MODEL__4008025669_j0e0h9zg" ("ID" BIGINT, "ITEM_ID" BIGINT, "EVENT_DATE" TEXT) (base.py:2062)
2024-11-20 16:19:42,038 - ThreadPoolExecutor-12_0 - snowflake.connector.cursor - INFO - Number of results in first chunk: 0 (cursor.py:1166)
2024-11-20 16:19:42,179 - ThreadPoolExecutor-12_0 - snowflake.connector.cursor - INFO - Number of results in first chunk: 1 (cursor.py:1166)
2024-11-20 16:19:42,186 - ThreadPoolExecutor-12_2 - snowflake.connector.connection - INFO - Snowflake Connector for Python Version: 3.12.3, Python Version: 3.12.3, Platform: Linux-6.8.0-48-generic-x86_64-with-glibc2.39 (connection.py:414)
2024-11-20 16:19:42,186 - ThreadPoolExecutor-12_2 - snowflake.connector.connection - INFO - Connecting to GLOBAL Snowflake domain (connection.py:1197)
2024-11-20 16:19:42,186 - ThreadPoolExecutor-12_2 - snowflake.connector.connection - INFO - This connection is in OCSP Fail Open Mode. TLS Certificates would be checked for validity and revocation status. Any other Certificate Revocation related exceptions or OCSP Responder failures would be disregarded in favor of connectivity. (connection.py:1278)
2024-11-20 16:19:42,246 - ThreadPoolExecutor-12_1 - snowflake.connector.cursor - INFO - Number of results in first chunk: 1 (cursor.py:1166)
2024-11-20 16:19:42,739 - ThreadPoolExecutor-12_3 - snowflake.connector.connection - INFO - Snowflake Connector for Python Version: 3.12.3, Python Version: 3.12.3, Platform: Linux-6.8.0-48-generic-x86_64-with-glibc2.39 (connection.py:414)
2024-11-20 16:19:42,743 - ThreadPoolExecutor-12_2 - sqlmesh.core.snapshot.evaluator - INFO - Creating table 'SQLMESH_DEMO.sqlmesh__SQL_MODELS.SQL_MODELS__FULL_MODEL__1482248485' (evaluator.py:1196)
2024-11-20 16:19:42,744 - ThreadPoolExecutor-12_3 - snowflake.connector.connection - INFO - Connecting to GLOBAL Snowflake domain (connection.py:1197)
2024-11-20 16:19:42,749 - ThreadPoolExecutor-12_3 - snowflake.connector.connection - INFO - This connection is in OCSP Fail Open Mode. TLS Certificates would be checked for validity and revocation status. Any other Certificate Revocation related exceptions or OCSP Responder failures would be disregarded in favor of connectivity. (connection.py:1278)
2024-11-20 16:19:42,749 - ThreadPoolExecutor-12_2 - sqlmesh.core.engine_adapter.base - INFO - Executing SQL: CREATE TABLE IF NOT EXISTS "SQLMESH_DEMO"."sqlmesh__SQL_MODELS"."SQL_MODELS__FULL_MODEL__1482248485" ("INVOICE_ID" VARCHAR(16777216)) (base.py:2062)
2024-11-20 16:19:42,907 - ThreadPoolExecutor-12_1 - snowflake.connector.cursor - INFO - Number of results in first chunk: 1 (cursor.py:1166)
2024-11-20 16:19:43,333 - ThreadPoolExecutor-12_3 - sqlmesh.core.engine_adapter.base - INFO - Executing SQL: DESCRIBE TABLE "SQLMESH_DEMO"."sqlmesh__SQL_MODELS"."SQL_MODELS__VIEW_MODEL__2798581076" (base.py:2062)
2024-11-20 16:19:43,537 - ThreadPoolExecutor-12_3 - sqlmesh.core.snapshot.evaluator - INFO - Creating view 'SQLMESH_DEMO.sqlmesh__SQL_MODELS.SQL_MODELS__VIEW_MODEL__2798581076' (evaluator.py:1617)
2024-11-20 16:19:43,567 - ThreadPoolExecutor-12_3 - sqlmesh.core.engine_adapter.base - INFO - Executing SQL: CREATE VIEW "SQLMESH_DEMO"."sqlmesh__SQL_MODELS"."SQL_MODELS__VIEW_MODEL__2798581076" AS SELECT "EXTERNAL_MODEL"."INVOICE_ID" AS "INVOICE_ID" FROM "SQLMESH_DEMO"."sqlmesh__SQL_MODELS"."SQL_MODELS__EXTERNAL_MODEL__2639882224" AS "EXTERNAL_MODEL" (base.py:2062)
2024-11-20 16:19:43,580 - ThreadPoolExecutor-12_2 - snowflake.connector.cursor - INFO - Number of results in first chunk: 1 (cursor.py:1166)
2024-11-20 16:19:43,580 - ThreadPoolExecutor-12_2 - sqlmesh.core.snapshot.evaluator - INFO - Dry running model 'sql_models.full_model' (evaluator.py:1218)
2024-11-20 16:19:43,582 - ThreadPoolExecutor-12_2 - sqlmesh.core.engine_adapter.base - INFO - Executing SQL: SELECT "EXTERNAL_MODEL"."INVOICE_ID" AS "INVOICE_ID" FROM SQLMESH_DEMO."sqlmesh__SQL_MODELS"."SQL_MODELS__EXTERNAL_MODEL__2639882224" AS "EXTERNAL_MODEL" WHERE FALSE LIMIT 0 (base.py:2062)
2024-11-20 16:19:43,747 - ThreadPoolExecutor-12_2 - snowflake.connector.cursor - INFO - Number of results in first chunk: 0 (cursor.py:1166)
2024-11-20 16:19:43,775 - ThreadPoolExecutor-12_3 - snowflake.connector.cursor - INFO - Number of results in first chunk: 1 (cursor.py:1166)
2024-11-20 16:19:43,874 - ThreadPoolExecutor-12_2 - snowflake.connector.cursor - INFO - Number of results in first chunk: 1 (cursor.py:1166)
2024-11-20 16:19:43,901 - ThreadPoolExecutor-12_3 - snowflake.connector.cursor - INFO - Number of results in first chunk: 1 (cursor.py:1166)
2024-11-20 16:19:43,979 - ThreadPoolExecutor-12_1 - snowflake.connector.cursor - INFO - Number of results in first chunk: 1 (cursor.py:1166)
2024-11-20 16:19:44,325 - ThreadPoolExecutor-12_1 - snowflake.connector.cursor - INFO - Number of results in first chunk: 3 (cursor.py:1166)
2024-11-20 16:19:44,463 - ThreadPoolExecutor-12_1 - snowflake.connector.cursor - INFO - Number of results in first chunk: 1 (cursor.py:1166)
2024-11-20 16:19:44,635 - ThreadPoolExecutor-12_1 - snowflake.connector.cursor - INFO - Number of results in first chunk: 1 (cursor.py:1166)
2024-11-20 16:19:45,249 - ThreadPoolExecutor-12_1 - snowflake.connector.cursor - INFO - Number of results in first chunk: 1 (cursor.py:1166)
2024-11-20 16:19:45,253 - ThreadPoolExecutor-12_1 - sqlmesh.core.engine_adapter.base - INFO - Executing SQL: USE SCHEMA "SQLMESH_DEMO"."sqlmesh__SQL_MODELS" (base.py:2062)
2024-11-20 16:19:45,387 - ThreadPoolExecutor-12_1 - snowflake.connector.cursor - INFO - Number of results in first chunk: 1 (cursor.py:1166)
2024-11-20 16:19:45,391 - ThreadPoolExecutor-12_1 - sqlmesh.core.engine_adapter.base - INFO - Executing SQL: CREATE TEMPORARY TABLE IF NOT EXISTS "SQLMESH_DEMO"."sqlmesh__SQL_MODELS"."__temp_SQL_MODELS__SEED_MODEL__4008025669_j0e0h9zg" ("ID" BIGINT, "ITEM_ID" BIGINT, "EVENT_DATE" TEXT) (base.py:2062)
2024-11-20 16:19:45,533 - ThreadPoolExecutor-12_1 - snowflake.connector.cursor - INFO - Number of results in first chunk: 1 (cursor.py:1166)
2024-11-20 16:19:45,695 - ThreadPoolExecutor-12_1 - snowflake.connector.cursor - INFO - Number of results in first chunk: 1 (cursor.py:1166)
2024-11-20 16:19:46,379 - ThreadPoolExecutor-12_1 - snowflake.connector.cursor - INFO - Number of results in first chunk: 1 (cursor.py:1166)
2024-11-20 16:19:46,705 - ThreadPoolExecutor-12_1 - snowflake.connector.cursor - INFO - Number of results in first chunk: 3 (cursor.py:1166)
2024-11-20 16:19:46,851 - ThreadPoolExecutor-12_1 - snowflake.connector.cursor - INFO - Number of results in first chunk: 1 (cursor.py:1166)
2024-11-20 16:19:47,083 - ThreadPoolExecutor-12_1 - snowflake.connector.cursor - INFO - Number of results in first chunk: 1 (cursor.py:1166)
2024-11-20 16:19:47,612 - ThreadPoolExecutor-12_1 - snowflake.connector.cursor - INFO - Number of results in first chunk: 1 (cursor.py:1166)
2024-11-20 16:19:47,619 - ThreadPoolExecutor-12_1 - sqlmesh.core.engine_adapter.base - INFO - Executing SQL: CREATE OR REPLACE TABLE "SQLMESH_DEMO"."sqlmesh__SQL_MODELS"."SQL_MODELS__SEED_MODEL__4008025669" AS SELECT CAST("ID" AS BIGINT) AS "ID", CAST("ITEM_ID" AS BIGINT) AS "ITEM_ID", CAST("EVENT_DATE" AS TEXT) AS "EVENT_DATE" FROM (SELECT CAST("ID" AS BIGINT) AS "ID", CAST("ITEM_ID" AS BIGINT) AS "ITEM_ID", CAST("EVENT_DATE" AS TEXT) AS "EVENT_DATE" FROM "SQLMESH_DEMO"."sqlmesh__SQL_MODELS"."__temp_SQL_MODELS__SEED_MODEL__4008025669_j0e0h9zg") AS "_subquery" (base.py:2062)
2024-11-20 16:19:48,410 - ThreadPoolExecutor-12_1 - snowflake.connector.cursor - INFO - Number of results in first chunk: 1 (cursor.py:1166)
2024-11-20 16:19:48,411 - ThreadPoolExecutor-12_1 - sqlmesh.core.engine_adapter.base - INFO - Executing SQL: DROP TABLE IF EXISTS "SQLMESH_DEMO"."sqlmesh__SQL_MODELS"."__temp_SQL_MODELS__SEED_MODEL__4008025669_j0e0h9zg" (base.py:2062)
2024-11-20 16:19:48,565 - ThreadPoolExecutor-12_1 - snowflake.connector.cursor - INFO - Number of results in first chunk: 1 (cursor.py:1166)
2024-11-20 16:19:48,695 - ThreadPoolExecutor-12_1 - snowflake.connector.cursor - INFO - Number of results in first chunk: 1 (cursor.py:1166)
2024-11-20 16:19:48,751 - ThreadPoolExecutor-12_1 - sqlmesh.core.snapshot.evaluator - INFO - Creating table 'SQLMESH_DEMO.sqlmesh__SQL_MODELS.SQL_MODELS__PARTITION_INCREMENT_MODEL__1397460444' (evaluator.py:1196)
2024-11-20 16:19:48,758 - ThreadPoolExecutor-12_1 - sqlmesh.core.engine_adapter.base - INFO - Executing SQL: CREATE TABLE IF NOT EXISTS "SQLMESH_DEMO"."sqlmesh__SQL_MODELS"."SQL_MODELS__PARTITION_INCREMENT_MODEL__1397460444" ("EVENT_DATE" TEXT, "TOTAL_EVENTS" BIGINT, "UNIQUE_ITEMS" BIGINT) (base.py:2062)
2024-11-20 16:19:48,765 - ThreadPoolExecutor-12_0 - sqlmesh.core.snapshot.evaluator - INFO - Creating table 'SQLMESH_DEMO.sqlmesh__SQL_MODELS.SQL_MODELS__UNIQUE_KEY_INCREMENTAL_MODEL__166104753' (evaluator.py:1196)
2024-11-20 16:19:48,773 - ThreadPoolExecutor-12_0 - sqlmesh.core.engine_adapter.base - INFO - Executing SQL: CREATE TABLE IF NOT EXISTS "SQLMESH_DEMO"."sqlmesh__SQL_MODELS"."SQL_MODELS__UNIQUE_KEY_INCREMENTAL_MODEL__166104753" ("ID" BIGINT, "ITEM_ID" BIGINT, "EVENT_DATE" TEXT) (base.py:2062)
2024-11-20 16:19:48,793 - ThreadPoolExecutor-12_2 - sqlmesh.core.snapshot.evaluator - INFO - Creating table 'SQLMESH_DEMO.sqlmesh__SQL_MODELS.SQL_MODELS__TIME_RANGE_INCREMENTAL_MODEL__66652497' (evaluator.py:1196)
2024-11-20 16:19:48,795 - ThreadPoolExecutor-12_2 - sqlmesh.core.engine_adapter.base - INFO - Executing SQL: CREATE TABLE IF NOT EXISTS "SQLMESH_DEMO"."sqlmesh__SQL_MODELS"."SQL_MODELS__TIME_RANGE_INCREMENTAL_MODEL__66652497" ("EVENT_DATE" TEXT, "TOTAL_EVENTS" BIGINT, "UNIQUE_ITEMS" BIGINT) (base.py:2062)
2024-11-20 16:19:48,968 - ThreadPoolExecutor-12_0 - snowflake.connector.cursor - INFO - Number of results in first chunk: 1 (cursor.py:1166)
2024-11-20 16:19:48,968 - ThreadPoolExecutor-12_0 - sqlmesh.core.snapshot.evaluator - INFO - Dry running model 'sql_models.unique_key_incremental_model' (evaluator.py:1218)
2024-11-20 16:19:48,972 - ThreadPoolExecutor-12_0 - sqlmesh.core.engine_adapter.base - INFO - Executing SQL: SELECT "SEED_MODEL"."ID" AS "ID", "SEED_MODEL"."ITEM_ID" AS "ITEM_ID", "SEED_MODEL"."EVENT_DATE" AS "EVENT_DATE" FROM SQLMESH_DEMO."sqlmesh__SQL_MODELS"."SQL_MODELS__SEED_MODEL__4008025669" AS "SEED_MODEL" WHERE FALSE LIMIT 0 (base.py:2062)
2024-11-20 16:19:48,980 - ThreadPoolExecutor-12_1 - snowflake.connector.cursor - INFO - Number of results in first chunk: 1 (cursor.py:1166)
2024-11-20 16:19:48,980 - ThreadPoolExecutor-12_1 - sqlmesh.core.snapshot.evaluator - INFO - Dry running model 'sql_models.partition_increment_model' (evaluator.py:1218)
2024-11-20 16:19:48,986 - ThreadPoolExecutor-12_1 - sqlmesh.core.engine_adapter.base - INFO - Executing SQL: SELECT "SEED_MODEL"."EVENT_DATE" AS "EVENT_DATE", COUNT("SEED_MODEL"."ID") AS "TOTAL_EVENTS", COUNT(DISTINCT "SEED_MODEL"."ITEM_ID") AS "UNIQUE_ITEMS" FROM SQLMESH_DEMO."sqlmesh__SQL_MODELS"."SQL_MODELS__SEED_MODEL__4008025669" AS "SEED_MODEL" WHERE FALSE GROUP BY "SEED_MODEL"."EVENT_DATE" LIMIT 0 (base.py:2062)
2024-11-20 16:19:48,988 - ThreadPoolExecutor-12_2 - snowflake.connector.cursor - INFO - Number of results in first chunk: 1 (cursor.py:1166)
2024-11-20 16:19:48,993 - ThreadPoolExecutor-12_2 - sqlmesh.core.snapshot.evaluator - INFO - Dry running model 'sql_models.time_range_incremental_model' (evaluator.py:1218)
2024-11-20 16:19:48,995 - ThreadPoolExecutor-12_2 - sqlmesh.core.engine_adapter.base - INFO - Executing SQL: SELECT "SEED_MODEL"."EVENT_DATE" AS "EVENT_DATE", COUNT("SEED_MODEL"."ID") AS "TOTAL_EVENTS", COUNT(DISTINCT "SEED_MODEL"."ITEM_ID") AS "UNIQUE_ITEMS" FROM SQLMESH_DEMO."sqlmesh__SQL_MODELS"."SQL_MODELS__SEED_MODEL__4008025669" AS "SEED_MODEL" WHERE ("SEED_MODEL"."EVENT_DATE" <= CAST('1970-01-01' AS DATE) AND "SEED_MODEL"."EVENT_DATE" >= CAST('1970-01-01' AS DATE)) AND FALSE GROUP BY "SEED_MODEL"."EVENT_DATE" LIMIT 0 (base.py:2062)
2024-11-20 16:19:49,173 - ThreadPoolExecutor-12_0 - snowflake.connector.cursor - INFO - Number of results in first chunk: 0 (cursor.py:1166)
2024-11-20 16:19:49,201 - ThreadPoolExecutor-12_1 - snowflake.connector.cursor - INFO - Number of results in first chunk: 0 (cursor.py:1166)
2024-11-20 16:19:49,209 - ThreadPoolExecutor-12_2 - snowflake.connector.cursor - INFO - Number of results in first chunk: 0 (cursor.py:1166)
2024-11-20 16:19:49,297 - ThreadPoolExecutor-12_0 - snowflake.connector.cursor - INFO - Number of results in first chunk: 1 (cursor.py:1166)
2024-11-20 16:19:49,327 - ThreadPoolExecutor-12_1 - snowflake.connector.cursor - INFO - Number of results in first chunk: 1 (cursor.py:1166)
2024-11-20 16:19:49,338 - ThreadPoolExecutor-12_2 - snowflake.connector.cursor - INFO - Number of results in first chunk: 1 (cursor.py:1166)
2024-11-20 16:19:49,340 - MainThread - snowflake.connector.connection - INFO - closed (connection.py:789)
2024-11-20 16:19:49,453 - MainThread - snowflake.connector.connection - INFO - No async queries seem to be running, deleting session (connection.py:795)
2024-11-20 16:19:49,569 - MainThread - snowflake.connector.connection - INFO - closed (connection.py:789)
2024-11-20 16:19:49,694 - MainThread - snowflake.connector.connection - INFO - No async queries seem to be running, deleting session (connection.py:795)
2024-11-20 16:19:49,817 - MainThread - snowflake.connector.connection - INFO - closed (connection.py:789)
2024-11-20 16:19:49,931 - MainThread - snowflake.connector.connection - INFO - No async queries seem to be running, deleting session (connection.py:795)
2024-11-20 16:19:50,052 - MainThread - snowflake.connector.connection - INFO - closed (connection.py:789)
2024-11-20 16:19:50,163 - MainThread - snowflake.connector.connection - INFO - No async queries seem to be running, deleting session (connection.py:795)
2024-11-20 16:19:50,472 - MainThread - snowflake.connector.cursor - INFO - Number of results in first chunk: 0 (cursor.py:1166)
2024-11-20 16:19:50,649 - MainThread - snowflake.connector.cursor - INFO - Number of results in first chunk: 1 (cursor.py:1166)
2024-11-20 16:19:50,839 - MainThread - snowflake.connector.cursor - INFO - Number of results in first chunk: 1 (cursor.py:1166)
2024-11-20 16:19:51,006 - MainThread - snowflake.connector.cursor - INFO - Number of results in first chunk: 1 (cursor.py:1166)
2024-11-20 16:19:52,129 - MainThread - snowflake.connector.cursor - INFO - Number of results in first chunk: 1 (cursor.py:1166)
2024-11-20 16:19:52,451 - MainThread - snowflake.connector.cursor - INFO - Number of results in first chunk: 9 (cursor.py:1166)
2024-11-20 16:19:52,596 - MainThread - snowflake.connector.cursor - INFO - Number of results in first chunk: 1 (cursor.py:1166)
2024-11-20 16:19:52,790 - MainThread - snowflake.connector.cursor - INFO - Number of results in first chunk: 1 (cursor.py:1166)
2024-11-20 16:19:53,459 - MainThread - snowflake.connector.cursor - INFO - Number of results in first chunk: 1 (cursor.py:1166)
2024-11-20 16:19:54,250 - MainThread - snowflake.connector.cursor - INFO - Number of results in first chunk: 1 (cursor.py:1166)
2024-11-20 16:19:54,381 - MainThread - snowflake.connector.cursor - INFO - Number of results in first chunk: 1 (cursor.py:1166)
2024-11-20 16:19:54,570 - MainThread - snowflake.connector.cursor - INFO - Number of results in first chunk: 0 (cursor.py:1166)
2024-11-20 16:19:54,700 - MainThread - snowflake.connector.cursor - INFO - Number of results in first chunk: 1 (cursor.py:1166)
2024-11-20 16:19:54,842 - MainThread - snowflake.connector.cursor - INFO - Number of results in first chunk: 0 (cursor.py:1166)
2024-11-20 16:19:54,967 - MainThread - snowflake.connector.cursor - INFO - Number of results in first chunk: 1 (cursor.py:1166)
2024-11-20 16:19:54,987 - ThreadPoolExecutor-39_0 - snowflake.connector.connection - INFO - Snowflake Connector for Python Version: 3.12.3, Python Version: 3.12.3, Platform: Linux-6.8.0-48-generic-x86_64-with-glibc2.39 (connection.py:414)
2024-11-20 16:19:54,987 - ThreadPoolExecutor-39_1 - sqlmesh.core.snapshot.evaluator - INFO - Evaluating snapshot SnapshotId<"SQLMESH_DEMO"."SQL_MODELS"."EXTERNAL_MODEL": 783472127> (evaluator.py:508)
2024-11-20 16:19:54,988 - ThreadPoolExecutor-39_0 - snowflake.connector.connection - INFO - Connecting to GLOBAL Snowflake domain (connection.py:1197)
2024-11-20 16:19:54,988 - ThreadPoolExecutor-39_1 - snowflake.connector.connection - INFO - Snowflake Connector for Python Version: 3.12.3, Python Version: 3.12.3, Platform: Linux-6.8.0-48-generic-x86_64-with-glibc2.39 (connection.py:414)
2024-11-20 16:19:54,988 - ThreadPoolExecutor-39_0 - snowflake.connector.connection - INFO - This connection is in OCSP Fail Open Mode. TLS Certificates would be checked for validity and revocation status. Any other Certificate Revocation related exceptions or OCSP Responder failures would be disregarded in favor of connectivity. (connection.py:1278)
2024-11-20 16:19:54,989 - ThreadPoolExecutor-39_1 - snowflake.connector.connection - INFO - Connecting to GLOBAL Snowflake domain (connection.py:1197)
2024-11-20 16:19:54,991 - ThreadPoolExecutor-39_1 - snowflake.connector.connection - INFO - This connection is in OCSP Fail Open Mode. TLS Certificates would be checked for validity and revocation status. Any other Certificate Revocation related exceptions or OCSP Responder failures would be disregarded in favor of connectivity. (connection.py:1278)
2024-11-20 16:19:55,590 - ThreadPoolExecutor-39_0 - sqlmesh.core.state_sync.engine_adapter - INFO - Adding interval (1731974400000, 1732060800000) for snapshot SnapshotId<"SQLMESH_DEMO"."SQL_MODELS"."SEED_MODEL": 2371482268> (engine_adapter.py:933)
2024-11-20 16:19:55,608 - ThreadPoolExecutor-39_1 - sqlmesh.core.snapshot.evaluator - INFO - Inserting batch (2024-11-19 00:00:00+00:00, 2024-11-20 00:00:00+00:00) into SQLMESH_DEMO.sqlmesh__SQL_MODELS.SQL_MODELS__EXTERNAL_MODEL__2639882224' (evaluator.py:538)
2024-11-20 16:19:55,657 - ThreadPoolExecutor-39_1 - sqlmesh.core.engine_adapter.base - INFO - Executing SQL: CREATE OR REPLACE TABLE "SQLMESH_DEMO"."sqlmesh__SQL_MODELS"."SQL_MODELS__EXTERNAL_MODEL__2639882224" AS SELECT CAST("INVOICE_ID" AS VARCHAR(16777216)) AS "INVOICE_ID", CAST("BRANCH" AS VARCHAR(16777216)) AS "BRANCH", CAST("CITY" AS VARCHAR(16777216)) AS "CITY", CAST("CUSTOMER_TYPE" AS VARCHAR(16777216)) AS "CUSTOMER_TYPE", CAST("GENDER" AS VARCHAR(16777216)) AS "GENDER", CAST("PRODUCT_LINE" AS VARCHAR(16777216)) AS "PRODUCT_LINE", CAST("UNIT_PRICE" AS DECIMAL(38, 2)) AS "UNIT_PRICE", CAST("QUANTITY" AS DECIMAL(38, 0)) AS "QUANTITY", CAST("TAX_5_PERCENT" AS DECIMAL(38, 4)) AS "TAX_5_PERCENT", CAST("TOTAL" AS DECIMAL(38, 4)) AS "TOTAL", CAST("DATE" AS DATE) AS "DATE", CAST("TIME" AS TIME(9)) AS "TIME", CAST("PAYMENT" AS VARCHAR(16777216)) AS "PAYMENT", CAST("COGS" AS DECIMAL(38, 2)) AS "COGS", CAST("GROSS_MARGIN_PERCENTAGE" AS DECIMAL(38, 9)) AS "GROSS_MARGIN_PERCENTAGE", CAST("GROSS_INCOME" AS DECIMAL(38, 4)) AS "GROSS_INCOME", CAST("RATING" AS DECIMAL(38, 1)) AS "RATING" FROM (SELECT "SUPERMARKET_SALES"."INVOICE_ID" AS "INVOICE_ID", "SUPERMARKET_SALES"."BRANCH" AS "BRANCH", "SUPERMARKET_SALES"."CITY" AS "CITY", "SUPERMARKET_SALES"."CUSTOMER_TYPE" AS "CUSTOMER_TYPE", "SUPERMARKET_SALES"."GENDER" AS "GENDER", "SUPERMARKET_SALES"."PRODUCT_LINE" AS "PRODUCT_LINE", "SUPERMARKET_SALES"."UNIT_PRICE" AS "UNIT_PRICE", "SUPERMARKET_SALES"."QUANTITY" AS "QUANTITY", "SUPERMARKET_SALES"."TAX_5_PERCENT" AS "TAX_5_PERCENT", "SUPERMARKET_SALES"."TOTAL" AS "TOTAL", "SUPERMARKET_SALES"."DATE" AS "DATE", "SUPERMARKET_SALES"."TIME" AS "TIME", "SUPERMARKET_SALES"."PAYMENT" AS "PAYMENT", "SUPERMARKET_SALES"."COGS" AS "COGS", "SUPERMARKET_SALES"."GROSS_MARGIN_PERCENTAGE" AS "GROSS_MARGIN_PERCENTAGE", "SUPERMARKET_SALES"."GROSS_INCOME" AS "GROSS_INCOME", "SUPERMARKET_SALES"."RATING" AS "RATING" FROM "SQLMESH_DEMO"."PUBLIC"."SUPERMARKET_SALES" AS "SUPERMARKET_SALES") AS "_subquery" (base.py:2062)
2024-11-20 16:19:55,764 - ThreadPoolExecutor-39_0 - snowflake.connector.cursor - INFO - Number of results in first chunk: 1 (cursor.py:1166)
2024-11-20 16:19:55,955 - ThreadPoolExecutor-39_0 - snowflake.connector.cursor - INFO - Number of results in first chunk: 1 (cursor.py:1166)
2024-11-20 16:19:56,104 - ThreadPoolExecutor-39_0 - snowflake.connector.cursor - INFO - Number of results in first chunk: 1 (cursor.py:1166)
2024-11-20 16:19:56,199 - ThreadPoolExecutor-39_1 - snowflake.connector.cursor - INFO - Number of results in first chunk: 1 (cursor.py:1166)
2024-11-20 16:19:56,337 - ThreadPoolExecutor-39_1 - snowflake.connector.cursor - INFO - Number of results in first chunk: 1 (cursor.py:1166)
2024-11-20 16:19:56,338 - ThreadPoolExecutor-39_1 - snowflake.connector.connection - INFO - Snowflake Connector for Python Version: 3.12.3, Python Version: 3.12.3, Platform: Linux-6.8.0-48-generic-x86_64-with-glibc2.39 (connection.py:414)
2024-11-20 16:19:56,339 - ThreadPoolExecutor-39_1 - snowflake.connector.connection - INFO - Connecting to GLOBAL Snowflake domain (connection.py:1197)
2024-11-20 16:19:56,339 - ThreadPoolExecutor-39_1 - snowflake.connector.connection - INFO - This connection is in OCSP Fail Open Mode. TLS Certificates would be checked for validity and revocation status. Any other Certificate Revocation related exceptions or OCSP Responder failures would be disregarded in favor of connectivity. (connection.py:1278)
2024-11-20 16:19:56,894 - ThreadPoolExecutor-39_1 - sqlmesh.core.state_sync.engine_adapter - INFO - Adding interval (1731974400000, 1732060800000) for snapshot SnapshotId<"SQLMESH_DEMO"."SQL_MODELS"."EXTERNAL_MODEL": 783472127> (engine_adapter.py:933)
2024-11-20 16:19:57,027 - ThreadPoolExecutor-39_1 - snowflake.connector.cursor - INFO - Number of results in first chunk: 1 (cursor.py:1166)
2024-11-20 16:19:57,093 - ThreadPoolExecutor-39_0 - snowflake.connector.cursor - INFO - Number of results in first chunk: 1 (cursor.py:1166)
2024-11-20 16:19:57,241 - ThreadPoolExecutor-39_1 - snowflake.connector.cursor - INFO - Number of results in first chunk: 1 (cursor.py:1166)
2024-11-20 16:19:57,377 - ThreadPoolExecutor-39_0 - snowflake.connector.cursor - INFO - Number of results in first chunk: 10 (cursor.py:1166)
2024-11-20 16:19:57,397 - ThreadPoolExecutor-39_1 - snowflake.connector.cursor - INFO - Number of results in first chunk: 1 (cursor.py:1166)
2024-11-20 16:19:57,521 - ThreadPoolExecutor-39_0 - snowflake.connector.cursor - INFO - Number of results in first chunk: 1 (cursor.py:1166)
2024-11-20 16:19:57,698 - ThreadPoolExecutor-39_0 - snowflake.connector.cursor - INFO - Number of results in first chunk: 1 (cursor.py:1166)
2024-11-20 16:19:58,270 - ThreadPoolExecutor-39_0 - snowflake.connector.cursor - INFO - Number of results in first chunk: 1 (cursor.py:1166)
2024-11-20 16:19:58,560 - ThreadPoolExecutor-39_1 - snowflake.connector.cursor - INFO - Number of results in first chunk: 1 (cursor.py:1166)
2024-11-20 16:19:58,872 - ThreadPoolExecutor-39_1 - snowflake.connector.cursor - INFO - Number of results in first chunk: 10 (cursor.py:1166)
2024-11-20 16:19:58,940 - ThreadPoolExecutor-39_0 - snowflake.connector.cursor - INFO - Number of results in first chunk: 1 (cursor.py:1166)
2024-11-20 16:19:59,003 - ThreadPoolExecutor-39_1 - snowflake.connector.cursor - INFO - Number of results in first chunk: 1 (cursor.py:1166)
2024-11-20 16:19:59,071 - ThreadPoolExecutor-39_0 - snowflake.connector.cursor - INFO - Number of results in first chunk: 1 (cursor.py:1166)
2024-11-20 16:19:59,085 - ThreadPoolExecutor-39_2 - sqlmesh.core.snapshot.evaluator - INFO - Evaluating snapshot SnapshotId<"SQLMESH_DEMO"."SQL_MODELS"."PARTITION_INCREMENT_MODEL": 3159973485> (evaluator.py:508)
2024-11-20 16:19:59,086 - ThreadPoolExecutor-39_2 - snowflake.connector.connection - INFO - Snowflake Connector for Python Version: 3.12.3, Python Version: 3.12.3, Platform: Linux-6.8.0-48-generic-x86_64-with-glibc2.39 (connection.py:414)
2024-11-20 16:19:59,087 - ThreadPoolExecutor-39_3 - sqlmesh.core.snapshot.evaluator - INFO - Evaluating snapshot SnapshotId<"SQLMESH_DEMO"."SQL_MODELS"."TIME_RANGE_INCREMENTAL_MODEL": 4137519518> (evaluator.py:508)
2024-11-20 16:19:59,087 - ThreadPoolExecutor-39_2 - snowflake.connector.connection - INFO - Connecting to GLOBAL Snowflake domain (connection.py:1197)
2024-11-20 16:19:59,087 - ThreadPoolExecutor-39_0 - sqlmesh.core.snapshot.evaluator - INFO - Evaluating snapshot SnapshotId<"SQLMESH_DEMO"."SQL_MODELS"."UNIQUE_KEY_INCREMENTAL_MODEL": 3952679719> (evaluator.py:508)
2024-11-20 16:19:59,088 - ThreadPoolExecutor-39_2 - snowflake.connector.connection - INFO - This connection is in OCSP Fail Open Mode. TLS Certificates would be checked for validity and revocation status. Any other Certificate Revocation related exceptions or OCSP Responder failures would be disregarded in favor of connectivity. (connection.py:1278)
2024-11-20 16:19:59,191 - ThreadPoolExecutor-39_1 - snowflake.connector.cursor - INFO - Number of results in first chunk: 1 (cursor.py:1166)
2024-11-20 16:19:59,639 - ThreadPoolExecutor-39_3 - snowflake.connector.connection - INFO - Snowflake Connector for Python Version: 3.12.3, Python Version: 3.12.3, Platform: Linux-6.8.0-48-generic-x86_64-with-glibc2.39 (connection.py:414)
2024-11-20 16:19:59,645 - ThreadPoolExecutor-39_3 - snowflake.connector.connection - INFO - Connecting to GLOBAL Snowflake domain (connection.py:1197)
2024-11-20 16:19:59,645 - ThreadPoolExecutor-39_2 - sqlmesh.core.snapshot.evaluator - INFO - Inserting batch (2024-11-19 00:00:00+00:00, 2024-11-20 00:00:00+00:00) into SQLMESH_DEMO.sqlmesh__SQL_MODELS.SQL_MODELS__PARTITION_INCREMENT_MODEL__1397460444' (evaluator.py:538)
2024-11-20 16:19:59,645 - ThreadPoolExecutor-39_3 - snowflake.connector.connection - INFO - This connection is in OCSP Fail Open Mode. TLS Certificates would be checked for validity and revocation status. Any other Certificate Revocation related exceptions or OCSP Responder failures would be disregarded in favor of connectivity. (connection.py:1278)
2024-11-20 16:19:59,656 - ThreadPoolExecutor-39_2 - sqlmesh.core.engine_adapter.base - INFO - Executing SQL: CREATE TABLE "SQLMESH_DEMO"."sqlmesh__SQL_MODELS"."__temp_SQL_MODELS__PARTITION_INCREMENT_MODEL__1397460444_3mkd4vlg" AS SELECT CAST("EVENT_DATE" AS TEXT) AS "EVENT_DATE", CAST("TOTAL_EVENTS" AS BIGINT) AS "TOTAL_EVENTS", CAST("UNIQUE_ITEMS" AS BIGINT) AS "UNIQUE_ITEMS" FROM (SELECT "SEED_MODEL"."EVENT_DATE" AS "EVENT_DATE", COUNT("SEED_MODEL"."ID") AS "TOTAL_EVENTS", COUNT(DISTINCT "SEED_MODEL"."ITEM_ID") AS "UNIQUE_ITEMS" FROM "SQLMESH_DEMO"."sqlmesh__SQL_MODELS"."SQL_MODELS__SEED_MODEL__4008025669" AS "SEED_MODEL" GROUP BY "SEED_MODEL"."EVENT_DATE") AS "_subquery" (base.py:2062)
2024-11-20 16:19:59,737 - ThreadPoolExecutor-39_1 - snowflake.connector.cursor - INFO - Number of results in first chunk: 1 (cursor.py:1166)
2024-11-20 16:20:00,191 - ThreadPoolExecutor-39_0 - snowflake.connector.connection - INFO - Snowflake Connector for Python Version: 3.12.3, Python Version: 3.12.3, Platform: Linux-6.8.0-48-generic-x86_64-with-glibc2.39 (connection.py:414)
2024-11-20 16:20:00,197 - ThreadPoolExecutor-39_0 - snowflake.connector.connection - INFO - Connecting to GLOBAL Snowflake domain (connection.py:1197)
2024-11-20 16:20:00,203 - ThreadPoolExecutor-39_0 - snowflake.connector.connection - INFO - This connection is in OCSP Fail Open Mode. TLS Certificates would be checked for validity and revocation status. Any other Certificate Revocation related exceptions or OCSP Responder failures would be disregarded in favor of connectivity. (connection.py:1278)
2024-11-20 16:20:00,216 - ThreadPoolExecutor-39_3 - sqlmesh.core.snapshot.evaluator - INFO - Inserting batch (2024-11-19 00:00:00+00:00, 2024-11-20 00:00:00+00:00) into SQLMESH_DEMO.sqlmesh__SQL_MODELS.SQL_MODELS__TIME_RANGE_INCREMENTAL_MODEL__66652497' (evaluator.py:538)
2024-11-20 16:20:00,222 - ThreadPoolExecutor-39_3 - sqlmesh.core.engine_adapter.base - INFO - Executing SQL: DELETE FROM "SQLMESH_DEMO"."sqlmesh__SQL_MODELS"."SQL_MODELS__TIME_RANGE_INCREMENTAL_MODEL__66652497" WHERE "EVENT_DATE" BETWEEN '2024-11-19' AND '2024-11-19' (base.py:2062)
2024-11-20 16:20:00,583 - ThreadPoolExecutor-39_1 - snowflake.connector.cursor - INFO - Number of results in first chunk: 1 (cursor.py:1166)
2024-11-20 16:20:00,713 - ThreadPoolExecutor-39_1 - snowflake.connector.cursor - INFO - Number of results in first chunk: 1 (cursor.py:1166)
2024-11-20 16:20:00,730 - ThreadPoolExecutor-39_1 - sqlmesh.core.snapshot.evaluator - INFO - Evaluating snapshot SnapshotId<"SQLMESH_DEMO"."SQL_MODELS"."FULL_MODEL": 1452296862> (evaluator.py:508)
2024-11-20 16:20:00,778 - ThreadPoolExecutor-39_0 - sqlmesh.core.snapshot.evaluator - INFO - Inserting batch (2024-11-19 00:00:00+00:00, 2024-11-20 00:00:00+00:00) into SQLMESH_DEMO.sqlmesh__SQL_MODELS.SQL_MODELS__UNIQUE_KEY_INCREMENTAL_MODEL__166104753' (evaluator.py:538)
2024-11-20 16:20:00,790 - ThreadPoolExecutor-39_0 - sqlmesh.core.engine_adapter.base - INFO - Executing SQL: CREATE OR REPLACE TABLE "SQLMESH_DEMO"."sqlmesh__SQL_MODELS"."SQL_MODELS__UNIQUE_KEY_INCREMENTAL_MODEL__166104753" AS SELECT CAST("ID" AS BIGINT) AS "ID", CAST("ITEM_ID" AS BIGINT) AS "ITEM_ID", CAST("EVENT_DATE" AS TEXT) AS "EVENT_DATE" FROM (SELECT "SEED_MODEL"."ID" AS "ID", "SEED_MODEL"."ITEM_ID" AS "ITEM_ID", "SEED_MODEL"."EVENT_DATE" AS "EVENT_DATE" FROM "SQLMESH_DEMO"."sqlmesh__SQL_MODELS"."SQL_MODELS__SEED_MODEL__4008025669" AS "SEED_MODEL") AS "_subquery" (base.py:2062)
2024-11-20 16:20:00,793 - ThreadPoolExecutor-39_1 - sqlmesh.core.snapshot.evaluator - INFO - Inserting batch (2024-11-19 00:00:00+00:00, 2024-11-20 00:00:00+00:00) into SQLMESH_DEMO.sqlmesh__SQL_MODELS.SQL_MODELS__FULL_MODEL__1482248485' (evaluator.py:538)
2024-11-20 16:20:00,797 - ThreadPoolExecutor-39_1 - sqlmesh.core.engine_adapter.base - INFO - Executing SQL: CREATE OR REPLACE TABLE "SQLMESH_DEMO"."sqlmesh__SQL_MODELS"."SQL_MODELS__FULL_MODEL__1482248485" AS SELECT CAST("INVOICE_ID" AS VARCHAR(16777216)) AS "INVOICE_ID" FROM (SELECT "EXTERNAL_MODEL"."INVOICE_ID" AS "INVOICE_ID" FROM "SQLMESH_DEMO"."sqlmesh__SQL_MODELS"."SQL_MODELS__EXTERNAL_MODEL__2639882224" AS "EXTERNAL_MODEL") AS "_subquery" (base.py:2062)
2024-11-20 16:20:01,015 - ThreadPoolExecutor-39_3 - sqlmesh.core.engine_adapter.base - INFO - Executing SQL: INSERT INTO "SQLMESH_DEMO"."sqlmesh__SQL_MODELS"."SQL_MODELS__TIME_RANGE_INCREMENTAL_MODEL__66652497" ("EVENT_DATE", "TOTAL_EVENTS", "UNIQUE_ITEMS") SELECT "EVENT_DATE", "TOTAL_EVENTS", "UNIQUE_ITEMS" FROM (SELECT "SEED_MODEL"."EVENT_DATE" AS "EVENT_DATE", COUNT("SEED_MODEL"."ID") AS "TOTAL_EVENTS", COUNT(DISTINCT "SEED_MODEL"."ITEM_ID") AS "UNIQUE_ITEMS" FROM "SQLMESH_DEMO"."sqlmesh__SQL_MODELS"."SQL_MODELS__SEED_MODEL__4008025669" AS "SEED_MODEL" WHERE "SEED_MODEL"."EVENT_DATE" <= CAST('2024-11-19' AS DATE) AND "SEED_MODEL"."EVENT_DATE" >= CAST('2024-11-19' AS DATE) GROUP BY "SEED_MODEL"."EVENT_DATE") AS "_subquery" WHERE "EVENT_DATE" BETWEEN '2024-11-19' AND '2024-11-19' (base.py:2062)
2024-11-20 16:20:01,256 - ThreadPoolExecutor-39_2 - snowflake.connector.cursor - INFO - Number of results in first chunk: 1 (cursor.py:1166)
2024-11-20 16:20:01,260 - ThreadPoolExecutor-39_2 - sqlmesh.core.engine_adapter.base - INFO - Executing SQL: DELETE FROM "SQLMESH_DEMO"."sqlmesh__SQL_MODELS"."SQL_MODELS__PARTITION_INCREMENT_MODEL__1397460444" WHERE "EVENT_DATE" IN (SELECT DISTINCT "EVENT_DATE" FROM "SQLMESH_DEMO"."sqlmesh__SQL_MODELS"."__temp_SQL_MODELS__PARTITION_INCREMENT_MODEL__1397460444_3mkd4vlg") (base.py:2062)
2024-11-20 16:20:01,348 - ThreadPoolExecutor-39_3 - snowflake.connector.cursor - INFO - Number of results in first chunk: 1 (cursor.py:1166)
2024-11-20 16:20:01,349 - ThreadPoolExecutor-39_3 - snowflake.connector.connection - INFO - Snowflake Connector for Python Version: 3.12.3, Python Version: 3.12.3, Platform: Linux-6.8.0-48-generic-x86_64-with-glibc2.39 (connection.py:414)
2024-11-20 16:20:01,350 - ThreadPoolExecutor-39_3 - snowflake.connector.connection - INFO - Connecting to GLOBAL Snowflake domain (connection.py:1197)
2024-11-20 16:20:01,350 - ThreadPoolExecutor-39_3 - snowflake.connector.connection - INFO - This connection is in OCSP Fail Open Mode. TLS Certificates would be checked for validity and revocation status. Any other Certificate Revocation related exceptions or OCSP Responder failures would be disregarded in favor of connectivity. (connection.py:1278)
2024-11-20 16:20:01,356 - ThreadPoolExecutor-39_1 - snowflake.connector.cursor - INFO - Number of results in first chunk: 1 (cursor.py:1166)
2024-11-20 16:20:01,358 - ThreadPoolExecutor-39_0 - snowflake.connector.cursor - INFO - Number of results in first chunk: 1 (cursor.py:1166)
2024-11-20 16:20:01,481 - ThreadPoolExecutor-39_1 - snowflake.connector.cursor - INFO - Number of results in first chunk: 1 (cursor.py:1166)
2024-11-20 16:20:01,486 - ThreadPoolExecutor-39_0 - snowflake.connector.cursor - INFO - Number of results in first chunk: 1 (cursor.py:1166)
2024-11-20 16:20:01,507 - ThreadPoolExecutor-39_2 - sqlmesh.core.engine_adapter.base - INFO - Executing SQL: INSERT INTO "SQLMESH_DEMO"."sqlmesh__SQL_MODELS"."SQL_MODELS__PARTITION_INCREMENT_MODEL__1397460444" ("EVENT_DATE", "TOTAL_EVENTS", "UNIQUE_ITEMS") SELECT "EVENT_DATE", "TOTAL_EVENTS", "UNIQUE_ITEMS" FROM "SQLMESH_DEMO"."sqlmesh__SQL_MODELS"."__temp_SQL_MODELS__PARTITION_INCREMENT_MODEL__1397460444_3mkd4vlg" (base.py:2062)
2024-11-20 16:20:01,800 - ThreadPoolExecutor-39_2 - sqlmesh.core.engine_adapter.base - INFO - Executing SQL: DROP TABLE IF EXISTS "SQLMESH_DEMO"."sqlmesh__SQL_MODELS"."__temp_SQL_MODELS__PARTITION_INCREMENT_MODEL__1397460444_3mkd4vlg" (base.py:2062)
2024-11-20 16:20:01,883 - ThreadPoolExecutor-39_3 - sqlmesh.core.state_sync.engine_adapter - INFO - Adding interval (1731974400000, 1732060800000) for snapshot SnapshotId<"SQLMESH_DEMO"."SQL_MODELS"."TIME_RANGE_INCREMENTAL_MODEL": 4137519518> (engine_adapter.py:933)
2024-11-20 16:20:01,889 - ThreadPoolExecutor-39_1 - sqlmesh.core.state_sync.engine_adapter - INFO - Adding interval (1731974400000, 1732060800000) for snapshot SnapshotId<"SQLMESH_DEMO"."SQL_MODELS"."FULL_MODEL": 1452296862> (engine_adapter.py:933)
2024-11-20 16:20:01,907 - ThreadPoolExecutor-39_0 - sqlmesh.core.state_sync.engine_adapter - INFO - Adding interval (1731974400000, 1732060800000) for snapshot SnapshotId<"SQLMESH_DEMO"."SQL_MODELS"."UNIQUE_KEY_INCREMENTAL_MODEL": 3952679719> (engine_adapter.py:933)
2024-11-20 16:20:02,052 - ThreadPoolExecutor-39_1 - snowflake.connector.cursor - INFO - Number of results in first chunk: 1 (cursor.py:1166)
2024-11-20 16:20:02,063 - ThreadPoolExecutor-39_0 - snowflake.connector.cursor - INFO - Number of results in first chunk: 1 (cursor.py:1166)
2024-11-20 16:20:02,065 - ThreadPoolExecutor-39_3 - snowflake.connector.cursor - INFO - Number of results in first chunk: 1 (cursor.py:1166)
2024-11-20 16:20:02,105 - ThreadPoolExecutor-39_2 - snowflake.connector.cursor - INFO - Number of results in first chunk: 1 (cursor.py:1166)
2024-11-20 16:20:02,247 - ThreadPoolExecutor-39_2 - snowflake.connector.cursor - INFO - Number of results in first chunk: 1 (cursor.py:1166)
2024-11-20 16:20:02,248 - ThreadPoolExecutor-39_2 - snowflake.connector.connection - INFO - Snowflake Connector for Python Version: 3.12.3, Python Version: 3.12.3, Platform: Linux-6.8.0-48-generic-x86_64-with-glibc2.39 (connection.py:414)
2024-11-20 16:20:02,248 - ThreadPoolExecutor-39_2 - snowflake.connector.connection - INFO - Connecting to GLOBAL Snowflake domain (connection.py:1197)
2024-11-20 16:20:02,248 - ThreadPoolExecutor-39_2 - snowflake.connector.connection - INFO - This connection is in OCSP Fail Open Mode. TLS Certificates would be checked for validity and revocation status. Any other Certificate Revocation related exceptions or OCSP Responder failures would be disregarded in favor of connectivity. (connection.py:1278)
2024-11-20 16:20:02,257 - ThreadPoolExecutor-39_0 - snowflake.connector.cursor - INFO - Number of results in first chunk: 1 (cursor.py:1166)
2024-11-20 16:20:02,270 - ThreadPoolExecutor-39_3 - snowflake.connector.cursor - INFO - Number of results in first chunk: 1 (cursor.py:1166)
2024-11-20 16:20:02,295 - ThreadPoolExecutor-39_1 - snowflake.connector.cursor - INFO - Number of results in first chunk: 1 (cursor.py:1166)
2024-11-20 16:20:02,782 - ThreadPoolExecutor-39_2 - sqlmesh.core.state_sync.engine_adapter - INFO - Adding interval (1731974400000, 1732060800000) for snapshot SnapshotId<"SQLMESH_DEMO"."SQL_MODELS"."PARTITION_INCREMENT_MODEL": 3159973485> (engine_adapter.py:933)
2024-11-20 16:20:02,951 - ThreadPoolExecutor-39_2 - snowflake.connector.cursor - INFO - Number of results in first chunk: 1 (cursor.py:1166)
2024-11-20 16:20:02,965 - ThreadPoolExecutor-39_0 - snowflake.connector.cursor - INFO - Number of results in first chunk: 1 (cursor.py:1166)
2024-11-20 16:20:02,973 - ThreadPoolExecutor-39_1 - snowflake.connector.cursor - INFO - Number of results in first chunk: 1 (cursor.py:1166)
2024-11-20 16:20:02,978 - ThreadPoolExecutor-39_3 - snowflake.connector.cursor - INFO - Number of results in first chunk: 1 (cursor.py:1166)
2024-11-20 16:20:03,183 - ThreadPoolExecutor-39_2 - snowflake.connector.cursor - INFO - Number of results in first chunk: 1 (cursor.py:1166)
2024-11-20 16:20:03,409 - ThreadPoolExecutor-39_2 - snowflake.connector.cursor - INFO - Number of results in first chunk: 1 (cursor.py:1166)
2024-11-20 16:20:03,810 - ThreadPoolExecutor-39_1 - snowflake.connector.cursor - INFO - Number of results in first chunk: 1 (cursor.py:1166)
2024-11-20 16:20:04,073 - ThreadPoolExecutor-39_3 - snowflake.connector.cursor - INFO - Number of results in first chunk: 1 (cursor.py:1166)
2024-11-20 16:20:04,092 - ThreadPoolExecutor-39_0 - snowflake.connector.cursor - INFO - Number of results in first chunk: 1 (cursor.py:1166)
2024-11-20 16:20:04,101 - ThreadPoolExecutor-39_1 - snowflake.connector.cursor - INFO - Number of results in first chunk: 10 (cursor.py:1166)
2024-11-20 16:20:04,238 - ThreadPoolExecutor-39_1 - snowflake.connector.cursor - INFO - Number of results in first chunk: 1 (cursor.py:1166)
2024-11-20 16:20:04,387 - ThreadPoolExecutor-39_0 - snowflake.connector.cursor - INFO - Number of results in first chunk: 10 (cursor.py:1166)
2024-11-20 16:20:04,394 - ThreadPoolExecutor-39_3 - snowflake.connector.cursor - INFO - Number of results in first chunk: 10 (cursor.py:1166)
2024-11-20 16:20:04,432 - ThreadPoolExecutor-39_1 - snowflake.connector.cursor - INFO - Number of results in first chunk: 1 (cursor.py:1166)
2024-11-20 16:20:04,493 - ThreadPoolExecutor-39_2 - snowflake.connector.cursor - INFO - Number of results in first chunk: 1 (cursor.py:1166)
2024-11-20 16:20:04,528 - ThreadPoolExecutor-39_0 - snowflake.connector.cursor - INFO - Number of results in first chunk: 1 (cursor.py:1166)
2024-11-20 16:20:04,533 - ThreadPoolExecutor-39_3 - snowflake.connector.cursor - INFO - Number of results in first chunk: 1 (cursor.py:1166)
2024-11-20 16:20:04,700 - ThreadPoolExecutor-39_0 - snowflake.connector.cursor - INFO - Number of results in first chunk: 1 (cursor.py:1166)
2024-11-20 16:20:04,713 - ThreadPoolExecutor-39_3 - snowflake.connector.cursor - INFO - Number of results in first chunk: 1 (cursor.py:1166)
2024-11-20 16:20:04,810 - ThreadPoolExecutor-39_2 - snowflake.connector.cursor - INFO - Number of results in first chunk: 10 (cursor.py:1166)
2024-11-20 16:20:04,965 - ThreadPoolExecutor-39_2 - snowflake.connector.cursor - INFO - Number of results in first chunk: 1 (cursor.py:1166)
2024-11-20 16:20:04,982 - ThreadPoolExecutor-39_1 - snowflake.connector.cursor - INFO - Number of results in first chunk: 1 (cursor.py:1166)
2024-11-20 16:20:05,162 - ThreadPoolExecutor-39_2 - snowflake.connector.cursor - INFO - Number of results in first chunk: 1 (cursor.py:1166)
2024-11-20 16:20:05,262 - ThreadPoolExecutor-39_3 - snowflake.connector.cursor - INFO - Number of results in first chunk: 1 (cursor.py:1166)
2024-11-20 16:20:05,311 - ThreadPoolExecutor-39_0 - snowflake.connector.cursor - INFO - Number of results in first chunk: 1 (cursor.py:1166)
2024-11-20 16:20:05,790 - ThreadPoolExecutor-39_2 - snowflake.connector.cursor - INFO - Number of results in first chunk: 1 (cursor.py:1166)
2024-11-20 16:20:05,854 - ThreadPoolExecutor-39_1 - snowflake.connector.cursor - INFO - Number of results in first chunk: 1 (cursor.py:1166)
2024-11-20 16:20:05,982 - ThreadPoolExecutor-39_1 - snowflake.connector.cursor - INFO - Number of results in first chunk: 1 (cursor.py:1166)
2024-11-20 16:20:05,992 - ThreadPoolExecutor-39_1 - sqlmesh.core.snapshot.evaluator - INFO - Evaluating snapshot SnapshotId<"SQLMESH_DEMO"."SQL_MODELS"."VIEW_MODEL": 1462944950> (evaluator.py:508)
2024-11-20 16:20:06,006 - ThreadPoolExecutor-39_1 - sqlmesh.core.snapshot.evaluator - INFO - Inserting batch (2024-11-19 00:00:00+00:00, 2024-11-20 00:00:00+00:00) into SQLMESH_DEMO.sqlmesh__SQL_MODELS.SQL_MODELS__VIEW_MODEL__2798581076' (evaluator.py:538)
2024-11-20 16:20:06,006 - ThreadPoolExecutor-39_1 - sqlmesh.core.snapshot.evaluator - INFO - Replacing view 'SQLMESH_DEMO.sqlmesh__SQL_MODELS.SQL_MODELS__VIEW_MODEL__2798581076' (evaluator.py:1572)
2024-11-20 16:20:06,011 - ThreadPoolExecutor-39_1 - sqlmesh.core.engine_adapter.base - INFO - Executing SQL: CREATE OR REPLACE VIEW "SQLMESH_DEMO"."sqlmesh__SQL_MODELS"."SQL_MODELS__VIEW_MODEL__2798581076" ("INVOICE_ID") COPY GRANTS AS SELECT "EXTERNAL_MODEL"."INVOICE_ID" AS "INVOICE_ID" FROM "SQLMESH_DEMO"."sqlmesh__SQL_MODELS"."SQL_MODELS__EXTERNAL_MODEL__2639882224" AS "EXTERNAL_MODEL" (base.py:2062)
2024-11-20 16:20:06,059 - ThreadPoolExecutor-39_3 - snowflake.connector.cursor - INFO - Number of results in first chunk: 1 (cursor.py:1166)
2024-11-20 16:20:06,154 - ThreadPoolExecutor-39_0 - snowflake.connector.cursor - INFO - Number of results in first chunk: 1 (cursor.py:1166)
2024-11-20 16:20:06,197 - ThreadPoolExecutor-39_3 - snowflake.connector.cursor - INFO - Number of results in first chunk: 1 (cursor.py:1166)
2024-11-20 16:20:06,221 - ThreadPoolExecutor-39_1 - snowflake.connector.cursor - INFO - Number of results in first chunk: 1 (cursor.py:1166)
2024-11-20 16:20:06,292 - ThreadPoolExecutor-39_0 - snowflake.connector.cursor - INFO - Number of results in first chunk: 1 (cursor.py:1166)
2024-11-20 16:20:06,343 - ThreadPoolExecutor-39_1 - snowflake.connector.cursor - INFO - Number of results in first chunk: 1 (cursor.py:1166)
2024-11-20 16:20:06,343 - ThreadPoolExecutor-39_1 - sqlmesh.core.state_sync.engine_adapter - INFO - Adding interval (1731974400000, 1732060800000) for snapshot SnapshotId<"SQLMESH_DEMO"."SQL_MODELS"."VIEW_MODEL": 1462944950> (engine_adapter.py:933)
2024-11-20 16:20:06,478 - ThreadPoolExecutor-39_1 - snowflake.connector.cursor - INFO - Number of results in first chunk: 1 (cursor.py:1166)
2024-11-20 16:20:06,559 - ThreadPoolExecutor-39_2 - snowflake.connector.cursor - INFO - Number of results in first chunk: 1 (cursor.py:1166)
2024-11-20 16:20:06,692 - ThreadPoolExecutor-39_2 - snowflake.connector.cursor - INFO - Number of results in first chunk: 1 (cursor.py:1166)
2024-11-20 16:20:06,701 - ThreadPoolExecutor-39_1 - snowflake.connector.cursor - INFO - Number of results in first chunk: 1 (cursor.py:1166)
2024-11-20 16:20:06,855 - ThreadPoolExecutor-39_1 - snowflake.connector.cursor - INFO - Number of results in first chunk: 1 (cursor.py:1166)
2024-11-20 16:20:07,644 - ThreadPoolExecutor-39_1 - snowflake.connector.cursor - INFO - Number of results in first chunk: 1 (cursor.py:1166)
2024-11-20 16:20:07,959 - ThreadPoolExecutor-39_1 - snowflake.connector.cursor - INFO - Number of results in first chunk: 10 (cursor.py:1166)
2024-11-20 16:20:08,109 - ThreadPoolExecutor-39_1 - snowflake.connector.cursor - INFO - Number of results in first chunk: 1 (cursor.py:1166)
2024-11-20 16:20:08,279 - ThreadPoolExecutor-39_1 - snowflake.connector.cursor - INFO - Number of results in first chunk: 1 (cursor.py:1166)
2024-11-20 16:20:08,950 - ThreadPoolExecutor-39_1 - snowflake.connector.cursor - INFO - Number of results in first chunk: 1 (cursor.py:1166)
2024-11-20 16:20:09,798 - ThreadPoolExecutor-39_1 - snowflake.connector.cursor - INFO - Number of results in first chunk: 1 (cursor.py:1166)
2024-11-20 16:20:09,945 - ThreadPoolExecutor-39_1 - snowflake.connector.cursor - INFO - Number of results in first chunk: 1 (cursor.py:1166)
2024-11-20 16:20:09,950 - MainThread - snowflake.connector.connection - INFO - closed (connection.py:789)
2024-11-20 16:20:10,063 - MainThread - snowflake.connector.connection - INFO - No async queries seem to be running, deleting session (connection.py:795)
2024-11-20 16:20:10,188 - MainThread - snowflake.connector.connection - INFO - closed (connection.py:789)
2024-11-20 16:20:10,305 - MainThread - snowflake.connector.connection - INFO - No async queries seem to be running, deleting session (connection.py:795)
2024-11-20 16:20:10,425 - MainThread - snowflake.connector.connection - INFO - closed (connection.py:789)
2024-11-20 16:20:10,540 - MainThread - snowflake.connector.connection - INFO - No async queries seem to be running, deleting session (connection.py:795)
2024-11-20 16:20:10,681 - MainThread - snowflake.connector.connection - INFO - closed (connection.py:789)
2024-11-20 16:20:10,797 - MainThread - snowflake.connector.connection - INFO - No async queries seem to be running, deleting session (connection.py:795)
2024-11-20 16:20:10,919 - MainThread - snowflake.connector.connection - INFO - closed (connection.py:789)
2024-11-20 16:20:11,035 - MainThread - snowflake.connector.connection - INFO - No async queries seem to be running, deleting session (connection.py:795)
2024-11-20 16:20:11,161 - MainThread - snowflake.connector.connection - INFO - closed (connection.py:789)
2024-11-20 16:20:11,272 - MainThread - snowflake.connector.connection - INFO - No async queries seem to be running, deleting session (connection.py:795)
2024-11-20 16:20:11,391 - MainThread - snowflake.connector.connection - INFO - closed (connection.py:789)
2024-11-20 16:20:11,503 - MainThread - snowflake.connector.connection - INFO - No async queries seem to be running, deleting session (connection.py:795)
2024-11-20 16:20:11,629 - MainThread - snowflake.connector.connection - INFO - closed (connection.py:789)
2024-11-20 16:20:11,749 - MainThread - snowflake.connector.connection - INFO - No async queries seem to be running, deleting session (connection.py:795)
2024-11-20 16:20:11,894 - MainThread - sqlmesh.core.state_sync.engine_adapter - INFO - Promoting environment 'prod' (engine_adapter.py:266)
2024-11-20 16:20:12,126 - MainThread - snowflake.connector.cursor - INFO - Number of results in first chunk: 8 (cursor.py:1166)
2024-11-20 16:20:12,265 - MainThread - snowflake.connector.cursor - INFO - Number of results in first chunk: 1 (cursor.py:1166)
2024-11-20 16:20:13,196 - MainThread - snowflake.connector.cursor - INFO - Number of results in first chunk: 1 (cursor.py:1166)
2024-11-20 16:20:13,648 - MainThread - snowflake.connector.cursor - INFO - Number of results in first chunk: 1 (cursor.py:1166)
2024-11-20 16:20:13,860 - MainThread - snowflake.connector.cursor - INFO - Number of results in first chunk: 1 (cursor.py:1166)
2024-11-20 16:20:14,952 - MainThread - snowflake.connector.cursor - INFO - Number of results in first chunk: 1 (cursor.py:1166)
2024-11-20 16:20:15,286 - MainThread - snowflake.connector.cursor - INFO - Number of results in first chunk: 14 (cursor.py:1166)
2024-11-20 16:20:15,428 - MainThread - snowflake.connector.cursor - INFO - Number of results in first chunk: 1 (cursor.py:1166)
2024-11-20 16:20:15,608 - MainThread - snowflake.connector.cursor - INFO - Number of results in first chunk: 1 (cursor.py:1166)
2024-11-20 16:20:16,279 - MainThread - snowflake.connector.cursor - INFO - Number of results in first chunk: 1 (cursor.py:1166)
2024-11-20 16:20:17,160 - MainThread - snowflake.connector.cursor - INFO - Number of results in first chunk: 1 (cursor.py:1166)
2024-11-20 16:20:17,292 - MainThread - snowflake.connector.cursor - INFO - Number of results in first chunk: 1 (cursor.py:1166)
2024-11-20 16:20:17,560 - MainThread - snowflake.connector.cursor - INFO - Number of results in first chunk: 8 (cursor.py:1166)
2024-11-20 16:20:17,642 - MainThread - sqlmesh.core.state_sync.engine_adapter - INFO - Unpausing snapshot SnapshotId<"SQLMESH_DEMO"."SQL_MODELS"."FULL_MODEL": 1452296862> (engine_adapter.py:435)
2024-11-20 16:20:17,643 - MainThread - sqlmesh.core.state_sync.engine_adapter - INFO - Unpausing snapshot SnapshotId<"SQLMESH_DEMO"."SQL_MODELS"."VIEW_MODEL": 1462944950> (engine_adapter.py:435)
2024-11-20 16:20:17,644 - MainThread - sqlmesh.core.state_sync.engine_adapter - INFO - Unpausing snapshot SnapshotId<"SQLMESH_DEMO"."SQL_MODELS"."SEED_MODEL": 2371482268> (engine_adapter.py:435)
2024-11-20 16:20:17,644 - MainThread - sqlmesh.core.state_sync.engine_adapter - INFO - Unpausing snapshot SnapshotId<"SQLMESH_DEMO"."SQL_MODELS"."EXTERNAL_MODEL": 783472127> (engine_adapter.py:435)
2024-11-20 16:20:17,644 - MainThread - sqlmesh.core.state_sync.engine_adapter - INFO - Unpausing snapshot SnapshotId<"SQLMESH_DEMO"."SQL_MODELS"."PARTITION_INCREMENT_MODEL": 3159973485> (engine_adapter.py:435)
2024-11-20 16:20:17,645 - MainThread - sqlmesh.core.state_sync.engine_adapter - INFO - Unpausing snapshot SnapshotId<"SQLMESH_DEMO"."SQL_MODELS"."UNIQUE_KEY_INCREMENTAL_MODEL": 3952679719> (engine_adapter.py:435)
2024-11-20 16:20:17,645 - MainThread - sqlmesh.core.state_sync.engine_adapter - INFO - Unpausing snapshot SnapshotId<"SQLMESH_DEMO"."SQL_MODELS"."TIME_RANGE_INCREMENTAL_MODEL": 4137519518> (engine_adapter.py:435)
2024-11-20 16:20:17,646 - MainThread - sqlmesh.core.state_sync.engine_adapter - INFO - Unpausing snapshot SnapshotId<"SQLMESH_DEMO"."PUBLIC"."SUPERMARKET_SALES": 2899511129> (engine_adapter.py:435)
2024-11-20 16:20:18,268 - MainThread - snowflake.connector.cursor - INFO - Number of results in first chunk: 1 (cursor.py:1166)
2024-11-20 16:20:18,272 - MainThread - sqlmesh.core.snapshot.evaluator - INFO - Creating schema 'SQLMESH_DEMO.SQL_MODELS' (evaluator.py:906)
2024-11-20 16:20:18,273 - MainThread - sqlmesh.core.engine_adapter.base - INFO - Executing SQL: CREATE SCHEMA IF NOT EXISTS "SQLMESH_DEMO"."SQL_MODELS" (base.py:2062)
2024-11-20 16:20:18,399 - MainThread - snowflake.connector.cursor - INFO - Number of results in first chunk: 1 (cursor.py:1166)
2024-11-20 16:20:18,537 - MainThread - snowflake.connector.cursor - INFO - Number of results in first chunk: 1 (cursor.py:1166)
2024-11-20 16:20:18,541 - ThreadPoolExecutor-92_1 - sqlmesh.core.snapshot.evaluator - INFO - Updating view 'SQLMESH_DEMO.SQL_MODELS.SEED_MODEL' to point at table 'SQLMESH_DEMO.sqlmesh__SQL_MODELS.SQL_MODELS__SEED_MODEL__4008025669' (evaluator.py:1162)
2024-11-20 16:20:18,542 - ThreadPoolExecutor-92_1 - snowflake.connector.connection - INFO - Snowflake Connector for Python Version: 3.12.3, Python Version: 3.12.3, Platform: Linux-6.8.0-48-generic-x86_64-with-glibc2.39 (connection.py:414)
2024-11-20 16:20:18,542 - ThreadPoolExecutor-92_1 - snowflake.connector.connection - INFO - Connecting to GLOBAL Snowflake domain (connection.py:1197)
2024-11-20 16:20:18,542 - ThreadPoolExecutor-92_1 - snowflake.connector.connection - INFO - This connection is in OCSP Fail Open Mode. TLS Certificates would be checked for validity and revocation status. Any other Certificate Revocation related exceptions or OCSP Responder failures would be disregarded in favor of connectivity. (connection.py:1278)
2024-11-20 16:20:18,545 - ThreadPoolExecutor-92_2 - sqlmesh.core.snapshot.evaluator - INFO - Updating view 'SQLMESH_DEMO.SQL_MODELS.EXTERNAL_MODEL' to point at table 'SQLMESH_DEMO.sqlmesh__SQL_MODELS.SQL_MODELS__EXTERNAL_MODEL__2639882224' (evaluator.py:1162)
2024-11-20 16:20:19,114 - ThreadPoolExecutor-92_1 - sqlmesh.core.engine_adapter.base - INFO - Executing SQL: CREATE OR REPLACE VIEW "SQLMESH_DEMO"."SQL_MODELS"."SEED_MODEL" COPY GRANTS AS SELECT * FROM "SQLMESH_DEMO"."sqlmesh__SQL_MODELS"."SQL_MODELS__SEED_MODEL__4008025669" (base.py:2062)
2024-11-20 16:20:19,114 - ThreadPoolExecutor-92_2 - snowflake.connector.connection - INFO - Snowflake Connector for Python Version: 3.12.3, Python Version: 3.12.3, Platform: Linux-6.8.0-48-generic-x86_64-with-glibc2.39 (connection.py:414)
2024-11-20 16:20:19,114 - ThreadPoolExecutor-92_2 - snowflake.connector.connection - INFO - Connecting to GLOBAL Snowflake domain (connection.py:1197)
2024-11-20 16:20:19,114 - ThreadPoolExecutor-92_2 - snowflake.connector.connection - INFO - This connection is in OCSP Fail Open Mode. TLS Certificates would be checked for validity and revocation status. Any other Certificate Revocation related exceptions or OCSP Responder failures would be disregarded in favor of connectivity. (connection.py:1278)
2024-11-20 16:20:19,630 - ThreadPoolExecutor-92_2 - sqlmesh.core.engine_adapter.base - INFO - Executing SQL: CREATE OR REPLACE VIEW "SQLMESH_DEMO"."SQL_MODELS"."EXTERNAL_MODEL" COPY GRANTS AS SELECT * FROM "SQLMESH_DEMO"."sqlmesh__SQL_MODELS"."SQL_MODELS__EXTERNAL_MODEL__2639882224" (base.py:2062)
2024-11-20 16:20:19,887 - ThreadPoolExecutor-92_1 - snowflake.connector.cursor - INFO - Number of results in first chunk: 1 (cursor.py:1166)
2024-11-20 16:20:19,982 - ThreadPoolExecutor-92_2 - snowflake.connector.cursor - INFO - Number of results in first chunk: 1 (cursor.py:1166)
2024-11-20 16:20:20,015 - ThreadPoolExecutor-92_1 - snowflake.connector.cursor - INFO - Number of results in first chunk: 1 (cursor.py:1166)
2024-11-20 16:20:20,021 - ThreadPoolExecutor-92_0 - sqlmesh.core.snapshot.evaluator - INFO - Updating view 'SQLMESH_DEMO.SQL_MODELS.PARTITION_INCREMENT_MODEL' to point at table 'SQLMESH_DEMO.sqlmesh__SQL_MODELS.SQL_MODELS__PARTITION_INCREMENT_MODEL__1397460444' (evaluator.py:1162)
2024-11-20 16:20:20,021 - ThreadPoolExecutor-92_0 - snowflake.connector.connection - INFO - Snowflake Connector for Python Version: 3.12.3, Python Version: 3.12.3, Platform: Linux-6.8.0-48-generic-x86_64-with-glibc2.39 (connection.py:414)
2024-11-20 16:20:20,022 - ThreadPoolExecutor-92_0 - snowflake.connector.connection - INFO - Connecting to GLOBAL Snowflake domain (connection.py:1197)
2024-11-20 16:20:20,022 - ThreadPoolExecutor-92_0 - snowflake.connector.connection - INFO - This connection is in OCSP Fail Open Mode. TLS Certificates would be checked for validity and revocation status. Any other Certificate Revocation related exceptions or OCSP Responder failures would be disregarded in favor of connectivity. (connection.py:1278)
2024-11-20 16:20:20,023 - ThreadPoolExecutor-92_3 - sqlmesh.core.snapshot.evaluator - INFO - Updating view 'SQLMESH_DEMO.SQL_MODELS.TIME_RANGE_INCREMENTAL_MODEL' to point at table 'SQLMESH_DEMO.sqlmesh__SQL_MODELS.SQL_MODELS__TIME_RANGE_INCREMENTAL_MODEL__66652497' (evaluator.py:1162)
2024-11-20 16:20:20,024 - ThreadPoolExecutor-92_1 - sqlmesh.core.snapshot.evaluator - INFO - Updating view 'SQLMESH_DEMO.SQL_MODELS.UNIQUE_KEY_INCREMENTAL_MODEL' to point at table 'SQLMESH_DEMO.sqlmesh__SQL_MODELS.SQL_MODELS__UNIQUE_KEY_INCREMENTAL_MODEL__166104753' (evaluator.py:1162)
2024-11-20 16:20:20,118 - ThreadPoolExecutor-92_2 - snowflake.connector.cursor - INFO - Number of results in first chunk: 1 (cursor.py:1166)
2024-11-20 16:20:20,124 - ThreadPoolExecutor-92_2 - sqlmesh.core.snapshot.evaluator - INFO - Updating view 'SQLMESH_DEMO.SQL_MODELS.FULL_MODEL' to point at table 'SQLMESH_DEMO.sqlmesh__SQL_MODELS.SQL_MODELS__FULL_MODEL__1482248485' (evaluator.py:1162)
2024-11-20 16:20:20,542 - ThreadPoolExecutor-92_0 - sqlmesh.core.engine_adapter.base - INFO - Executing SQL: CREATE OR REPLACE VIEW "SQLMESH_DEMO"."SQL_MODELS"."PARTITION_INCREMENT_MODEL" COPY GRANTS AS SELECT * FROM "SQLMESH_DEMO"."sqlmesh__SQL_MODELS"."SQL_MODELS__PARTITION_INCREMENT_MODEL__1397460444" (base.py:2062)
2024-11-20 16:20:20,542 - ThreadPoolExecutor-92_3 - snowflake.connector.connection - INFO - Snowflake Connector for Python Version: 3.12.3, Python Version: 3.12.3, Platform: Linux-6.8.0-48-generic-x86_64-with-glibc2.39 (connection.py:414)
2024-11-20 16:20:20,543 - ThreadPoolExecutor-92_3 - snowflake.connector.connection - INFO - Connecting to GLOBAL Snowflake domain (connection.py:1197)
2024-11-20 16:20:20,543 - ThreadPoolExecutor-92_3 - snowflake.connector.connection - INFO - This connection is in OCSP Fail Open Mode. TLS Certificates would be checked for validity and revocation status. Any other Certificate Revocation related exceptions or OCSP Responder failures would be disregarded in favor of connectivity. (connection.py:1278)
2024-11-20 16:20:21,123 - ThreadPoolExecutor-92_3 - sqlmesh.core.engine_adapter.base - INFO - Executing SQL: CREATE OR REPLACE VIEW "SQLMESH_DEMO"."SQL_MODELS"."TIME_RANGE_INCREMENTAL_MODEL" COPY GRANTS AS SELECT * FROM "SQLMESH_DEMO"."sqlmesh__SQL_MODELS"."SQL_MODELS__TIME_RANGE_INCREMENTAL_MODEL__66652497" (base.py:2062)
2024-11-20 16:20:21,126 - ThreadPoolExecutor-92_1 - sqlmesh.core.engine_adapter.base - INFO - Executing SQL: CREATE OR REPLACE VIEW "SQLMESH_DEMO"."SQL_MODELS"."UNIQUE_KEY_INCREMENTAL_MODEL" COPY GRANTS AS SELECT * FROM "SQLMESH_DEMO"."sqlmesh__SQL_MODELS"."SQL_MODELS__UNIQUE_KEY_INCREMENTAL_MODEL__166104753" (base.py:2062)
2024-11-20 16:20:21,128 - ThreadPoolExecutor-92_2 - sqlmesh.core.engine_adapter.base - INFO - Executing SQL: CREATE OR REPLACE VIEW "SQLMESH_DEMO"."SQL_MODELS"."FULL_MODEL" COPY GRANTS AS SELECT * FROM "SQLMESH_DEMO"."sqlmesh__SQL_MODELS"."SQL_MODELS__FULL_MODEL__1482248485" (base.py:2062)
2024-11-20 16:20:21,358 - ThreadPoolExecutor-92_1 - snowflake.connector.cursor - INFO - Number of results in first chunk: 1 (cursor.py:1166)
2024-11-20 16:20:21,359 - ThreadPoolExecutor-92_3 - snowflake.connector.cursor - INFO - Number of results in first chunk: 1 (cursor.py:1166)
2024-11-20 16:20:21,371 - ThreadPoolExecutor-92_2 - snowflake.connector.cursor - INFO - Number of results in first chunk: 1 (cursor.py:1166)
2024-11-20 16:20:21,375 - ThreadPoolExecutor-92_0 - snowflake.connector.cursor - INFO - Number of results in first chunk: 1 (cursor.py:1166)
2024-11-20 16:20:21,509 - ThreadPoolExecutor-92_1 - snowflake.connector.cursor - INFO - Number of results in first chunk: 1 (cursor.py:1166)
2024-11-20 16:20:21,516 - ThreadPoolExecutor-92_3 - snowflake.connector.cursor - INFO - Number of results in first chunk: 1 (cursor.py:1166)
2024-11-20 16:20:21,518 - ThreadPoolExecutor-92_1 - sqlmesh.core.snapshot.evaluator - INFO - Updating view 'SQLMESH_DEMO.SQL_MODELS.VIEW_MODEL' to point at table 'SQLMESH_DEMO.sqlmesh__SQL_MODELS.SQL_MODELS__VIEW_MODEL__2798581076' (evaluator.py:1162)
2024-11-20 16:20:21,525 - ThreadPoolExecutor-92_1 - sqlmesh.core.engine_adapter.base - INFO - Executing SQL: CREATE OR REPLACE VIEW "SQLMESH_DEMO"."SQL_MODELS"."VIEW_MODEL" COPY GRANTS AS SELECT * FROM "SQLMESH_DEMO"."sqlmesh__SQL_MODELS"."SQL_MODELS__VIEW_MODEL__2798581076" (base.py:2062)
2024-11-20 16:20:21,525 - ThreadPoolExecutor-92_2 - snowflake.connector.cursor - INFO - Number of results in first chunk: 1 (cursor.py:1166)
2024-11-20 16:20:21,546 - ThreadPoolExecutor-92_0 - snowflake.connector.cursor - INFO - Number of results in first chunk: 1 (cursor.py:1166)
2024-11-20 16:20:21,761 - ThreadPoolExecutor-92_1 - snowflake.connector.cursor - INFO - Number of results in first chunk: 1 (cursor.py:1166)
2024-11-20 16:20:21,886 - ThreadPoolExecutor-92_1 - snowflake.connector.cursor - INFO - Number of results in first chunk: 1 (cursor.py:1166)
2024-11-20 16:20:21,892 - MainThread - snowflake.connector.connection - INFO - closed (connection.py:789)
2024-11-20 16:20:22,004 - MainThread - snowflake.connector.connection - INFO - No async queries seem to be running, deleting session (connection.py:795)
2024-11-20 16:20:22,122 - MainThread - snowflake.connector.connection - INFO - closed (connection.py:789)
2024-11-20 16:20:22,235 - MainThread - snowflake.connector.connection - INFO - No async queries seem to be running, deleting session (connection.py:795)
2024-11-20 16:20:22,351 - MainThread - snowflake.connector.connection - INFO - closed (connection.py:789)
2024-11-20 16:20:22,463 - MainThread - snowflake.connector.connection - INFO - No async queries seem to be running, deleting session (connection.py:795)
2024-11-20 16:20:22,584 - MainThread - snowflake.connector.connection - INFO - closed (connection.py:789)
2024-11-20 16:20:22,696 - MainThread - snowflake.connector.connection - INFO - No async queries seem to be running, deleting session (connection.py:795)
2024-11-20 16:20:22,839 - ThreadPoolExecutor-93_0 - sqlmesh.core.snapshot.evaluator - INFO - Dropping view 'SQLMESH_DEMO.SQL_MODELS.INCREMENTAL_MODEL' (evaluator.py:1172)
2024-11-20 16:20:22,839 - ThreadPoolExecutor-93_0 - snowflake.connector.connection - INFO - Snowflake Connector for Python Version: 3.12.3, Python Version: 3.12.3, Platform: Linux-6.8.0-48-generic-x86_64-with-glibc2.39 (connection.py:414)
2024-11-20 16:20:22,839 - ThreadPoolExecutor-93_0 - snowflake.connector.connection - INFO - Connecting to GLOBAL Snowflake domain (connection.py:1197)
2024-11-20 16:20:22,839 - ThreadPoolExecutor-93_0 - snowflake.connector.connection - INFO - This connection is in OCSP Fail Open Mode. TLS Certificates would be checked for validity and revocation status. Any other Certificate Revocation related exceptions or OCSP Responder failures would be disregarded in favor of connectivity. (connection.py:1278)
2024-11-20 16:20:23,372 - ThreadPoolExecutor-93_0 - sqlmesh.core.engine_adapter.base - INFO - Executing SQL: DROP VIEW IF EXISTS "SQLMESH_DEMO"."SQL_MODELS"."INCREMENTAL_MODEL" (base.py:2062)
2024-11-20 16:20:23,523 - ThreadPoolExecutor-93_0 - snowflake.connector.cursor - INFO - Number of results in first chunk: 1 (cursor.py:1166)
2024-11-20 16:20:23,652 - ThreadPoolExecutor-93_0 - snowflake.connector.cursor - INFO - Number of results in first chunk: 1 (cursor.py:1166)
2024-11-20 16:20:23,657 - MainThread - snowflake.connector.connection - INFO - closed (connection.py:789)
2024-11-20 16:20:23,790 - MainThread - snowflake.connector.connection - INFO - No async queries seem to be running, deleting session (connection.py:795)
2024-11-20 16:20:23,906 - MainThread - sqlmesh.core.state_sync.engine_adapter - INFO - Finalizing environment 'prod' (engine_adapter.py:387)
2024-11-20 16:20:24,102 - MainThread - snowflake.connector.cursor - INFO - Number of results in first chunk: 1 (cursor.py:1166)
2024-11-20 16:20:24,688 - MainThread - snowflake.connector.cursor - INFO - Number of results in first chunk: 1 (cursor.py:1166)
2024-11-20 16:20:24,695 - MainThread - snowflake.connector.connection - INFO - closed (connection.py:789)
2024-11-20 16:20:24,812 - MainThread - snowflake.connector.connection - INFO - No async queries seem to be running, deleting session (connection.py:795)
2024-11-20 16:20:24,933 - MainThread - snowflake.connector.connection - INFO - closed (connection.py:789)
2024-11-20 16:20:25,061 - MainThread - snowflake.connector.connection - INFO - No async queries seem to be running, deleting session (connection.py:795)
2024-11-20 16:20:25,183 - MainThread - root - INFO - Shutting down the event dispatcher (dispatcher.py:159)
