2024-11-20 16:17:52,614 - MainThread - sqlmesh.core.config.scheduler - WARNING - The snowflake engine is not recommended for storing SQLMesh state in production deployments. Please see https://sqlmesh.readthedocs.io/en/stable/guides/configuration/#state-connection for a list of recommended engines and more information. (scheduler.py:94)
2024-11-20 16:17:52,716 - MainThread - snowflake.connector.connection - INFO - Snowflake Connector for Python Version: 3.12.3, Python Version: 3.12.3, Platform: Linux-6.8.0-48-generic-x86_64-with-glibc2.39 (connection.py:414)
2024-11-20 16:17:52,716 - MainThread - snowflake.connector.connection - INFO - Connecting to GLOBAL Snowflake domain (connection.py:1197)
2024-11-20 16:17:52,716 - MainThread - snowflake.connector.connection - INFO - This connection is in OCSP Fail Open Mode. TLS Certificates would be checked for validity and revocation status. Any other Certificate Revocation related exceptions or OCSP Responder failures would be disregarded in favor of connectivity. (connection.py:1278)
2024-11-20 16:17:53,418 - MainThread - snowflake.connector.cursor - INFO - Number of results in first chunk: 3 (cursor.py:1166)
2024-11-20 16:17:53,542 - MainThread - snowflake.connector.cursor - INFO - Number of results in first chunk: 1 (cursor.py:1166)
2024-11-20 16:17:53,669 - MainThread - snowflake.connector.cursor - INFO - Number of results in first chunk: 1 (cursor.py:1166)
2024-11-20 16:17:54,069 - MainThread - snowflake.connector.cursor - INFO - Number of results in first chunk: 1 (cursor.py:1166)
2024-11-20 16:17:54,195 - MainThread - snowflake.connector.cursor - INFO - Number of results in first chunk: 3 (cursor.py:1166)
2024-11-20 16:17:54,323 - MainThread - snowflake.connector.cursor - INFO - Number of results in first chunk: 1 (cursor.py:1166)
2024-11-20 16:17:54,455 - MainThread - snowflake.connector.cursor - INFO - Number of results in first chunk: 1 (cursor.py:1166)
2024-11-20 16:17:54,583 - MainThread - snowflake.connector.cursor - INFO - Number of results in first chunk: 1 (cursor.py:1166)
2024-11-20 16:17:54,769 - MainThread - snowflake.connector.cursor - INFO - Number of results in first chunk: 0 (cursor.py:1166)
2024-11-20 16:17:54,895 - MainThread - snowflake.connector.cursor - INFO - Number of results in first chunk: 1 (cursor.py:1166)
2024-11-20 16:17:55,248 - MainThread - snowflake.connector.cursor - INFO - Number of results in first chunk: 1 (cursor.py:1166)
2024-11-20 16:17:55,381 - MainThread - snowflake.connector.cursor - INFO - Number of results in first chunk: 0 (cursor.py:1166)
2024-11-20 16:17:55,513 - MainThread - snowflake.connector.cursor - INFO - Number of results in first chunk: 1 (cursor.py:1166)
2024-11-20 16:17:55,713 - MainThread - snowflake.connector.cursor - INFO - Number of results in first chunk: 1 (cursor.py:1166)
2024-11-20 16:17:55,714 - MainThread - sqlmesh.core.state_sync.engine_adapter - INFO - Compacting 1 intervals for 1 snapshots (engine_adapter.py:1020)
2024-11-20 16:17:55,714 - MainThread - sqlmesh.core.state_sync.engine_adapter - INFO - Pushing intervals for snapshot SnapshotId<"SQLMESH_DEMO"."SQL_MODELS"."UNIQUE_KEY_INCREMENTAL_MODEL": 3169300127> (engine_adapter.py:1183)
2024-11-20 16:17:55,868 - MainThread - snowflake.connector.cursor - INFO - Number of results in first chunk: 1 (cursor.py:1166)
2024-11-20 16:17:56,087 - MainThread - snowflake.connector.cursor - INFO - Number of results in first chunk: 1 (cursor.py:1166)
2024-11-20 16:17:56,245 - MainThread - snowflake.connector.cursor - INFO - Number of results in first chunk: 1 (cursor.py:1166)
2024-11-20 16:17:57,431 - MainThread - snowflake.connector.cursor - INFO - Number of results in first chunk: 1 (cursor.py:1166)
2024-11-20 16:17:57,770 - MainThread - snowflake.connector.cursor - INFO - Number of results in first chunk: 10 (cursor.py:1166)
2024-11-20 16:17:57,912 - MainThread - snowflake.connector.cursor - INFO - Number of results in first chunk: 1 (cursor.py:1166)
2024-11-20 16:17:58,111 - MainThread - snowflake.connector.cursor - INFO - Number of results in first chunk: 1 (cursor.py:1166)
2024-11-20 16:17:58,744 - MainThread - snowflake.connector.cursor - INFO - Number of results in first chunk: 1 (cursor.py:1166)
2024-11-20 16:17:59,591 - MainThread - snowflake.connector.cursor - INFO - Number of results in first chunk: 1 (cursor.py:1166)
2024-11-20 16:18:00,226 - MainThread - snowflake.connector.cursor - INFO - Number of results in first chunk: 1 (cursor.py:1166)
2024-11-20 16:18:00,396 - MainThread - snowflake.connector.cursor - INFO - Number of results in first chunk: 1 (cursor.py:1166)
2024-11-20 16:18:00,523 - MainThread - snowflake.connector.cursor - INFO - Number of results in first chunk: 1 (cursor.py:1166)
2024-11-20 16:18:00,657 - MainThread - snowflake.connector.cursor - INFO - Number of results in first chunk: 1 (cursor.py:1166)
2024-11-20 16:18:00,784 - MainThread - snowflake.connector.cursor - INFO - Number of results in first chunk: 1 (cursor.py:1166)
2024-11-20 16:18:00,962 - MainThread - snowflake.connector.cursor - INFO - Number of results in first chunk: 6 (cursor.py:1166)
2024-11-20 16:18:01,085 - MainThread - snowflake.connector.cursor - INFO - Number of results in first chunk: 1 (cursor.py:1166)
2024-11-20 16:18:01,296 - MainThread - snowflake.connector.cursor - INFO - Number of results in first chunk: 6 (cursor.py:1166)
2024-11-20 16:18:01,432 - MainThread - snowflake.connector.cursor - INFO - Number of results in first chunk: 1 (cursor.py:1166)
2024-11-20 16:18:01,577 - MainThread - snowflake.connector.cursor - INFO - Number of results in first chunk: 1 (cursor.py:1166)
2024-11-20 16:18:01,702 - MainThread - snowflake.connector.cursor - INFO - Number of results in first chunk: 1 (cursor.py:1166)
2024-11-20 16:18:01,928 - MainThread - snowflake.connector.cursor - INFO - Number of results in first chunk: 2 (cursor.py:1166)
2024-11-20 16:18:02,067 - MainThread - snowflake.connector.cursor - INFO - Number of results in first chunk: 1 (cursor.py:1166)
2024-11-20 16:18:02,085 - MainThread - snowflake.connector.connection - INFO - closed (connection.py:789)
2024-11-20 16:18:02,209 - MainThread - snowflake.connector.connection - INFO - No async queries seem to be running, deleting session (connection.py:795)
2024-11-20 16:18:02,333 - MainThread - root - INFO - Shutting down the event dispatcher (dispatcher.py:159)
