2024-11-20 23:00:55,716 - MainThread - sqlmesh.core.config.scheduler - WARNING - The snowflake engine is not recommended for storing SQLMesh state in production deployments. Please see https://sqlmesh.readthedocs.io/en/stable/guides/configuration/#state-connection for a list of recommended engines and more information. (scheduler.py:94)
2024-11-20 23:00:55,718 - MainThread - snowflake.connector.connection - INFO - Snowflake Connector for Python Version: 3.12.3, Python Version: 3.12.3, Platform: Linux-6.8.0-48-generic-x86_64-with-glibc2.39 (connection.py:414)
2024-11-20 23:00:55,718 - MainThread - snowflake.connector.connection - INFO - Connecting to GLOBAL Snowflake domain (connection.py:1197)
2024-11-20 23:00:55,718 - MainThread - snowflake.connector.connection - INFO - This connection is in OCSP Fail Open Mode. TLS Certificates would be checked for validity and revocation status. Any other Certificate Revocation related exceptions or OCSP Responder failures would be disregarded in favor of connectivity. (connection.py:1278)
2024-11-20 23:00:57,025 - MainThread - snowflake.connector.cursor - INFO - Number of results in first chunk: 3 (cursor.py:1166)
2024-11-20 23:00:57,229 - MainThread - snowflake.connector.cursor - INFO - Number of results in first chunk: 1 (cursor.py:1166)
2024-11-20 23:00:57,435 - MainThread - snowflake.connector.cursor - INFO - Number of results in first chunk: 1 (cursor.py:1166)
2024-11-20 23:00:57,639 - MainThread - snowflake.connector.cursor - INFO - Number of results in first chunk: 1 (cursor.py:1166)
2024-11-20 23:00:57,844 - MainThread - snowflake.connector.cursor - INFO - Number of results in first chunk: 3 (cursor.py:1166)
2024-11-20 23:00:57,977 - MainThread - snowflake.connector.cursor - INFO - Number of results in first chunk: 1 (cursor.py:1166)
2024-11-20 23:00:58,151 - MainThread - snowflake.connector.cursor - INFO - Number of results in first chunk: 1 (cursor.py:1166)
2024-11-20 23:00:58,360 - MainThread - snowflake.connector.cursor - INFO - Number of results in first chunk: 1 (cursor.py:1166)
2024-11-20 23:00:58,766 - MainThread - snowflake.connector.cursor - INFO - Number of results in first chunk: 1 (cursor.py:1166)
2024-11-20 23:00:58,970 - MainThread - snowflake.connector.cursor - INFO - Number of results in first chunk: 1 (cursor.py:1166)
2024-11-20 23:00:59,230 - MainThread - snowflake.connector.cursor - INFO - Number of results in first chunk: 10 (cursor.py:1166)
2024-11-20 23:00:59,355 - MainThread - snowflake.connector.cursor - INFO - Number of results in first chunk: 1 (cursor.py:1166)
2024-11-20 23:00:59,501 - MainThread - snowflake.connector.cursor - INFO - Number of results in first chunk: 9 (cursor.py:1166)
2024-11-20 23:00:59,645 - MainThread - snowflake.connector.cursor - INFO - Number of results in first chunk: 1 (cursor.py:1166)
2024-11-20 23:00:59,841 - MainThread - snowflake.connector.cursor - INFO - Number of results in first chunk: 0 (cursor.py:1166)
2024-11-20 23:00:59,969 - MainThread - snowflake.connector.cursor - INFO - Number of results in first chunk: 1 (cursor.py:1166)
2024-11-20 23:01:00,105 - MainThread - snowflake.connector.cursor - INFO - Number of results in first chunk: 1 (cursor.py:1166)
2024-11-20 23:01:00,233 - MainThread - snowflake.connector.cursor - INFO - Number of results in first chunk: 1 (cursor.py:1166)
2024-11-20 23:01:00,370 - MainThread - snowflake.connector.cursor - INFO - Number of results in first chunk: 1 (cursor.py:1166)
2024-11-20 23:01:00,504 - MainThread - snowflake.connector.cursor - INFO - Number of results in first chunk: 1 (cursor.py:1166)
2024-11-20 23:01:00,740 - MainThread - snowflake.connector.cursor - INFO - Number of results in first chunk: 2 (cursor.py:1166)
2024-11-20 23:01:00,873 - MainThread - snowflake.connector.cursor - INFO - Number of results in first chunk: 1 (cursor.py:1166)
2024-11-20 23:01:02,843 - ThreadPoolExecutor-9_0 - sqlmesh.core.snapshot.evaluator - INFO - Listing data objects in schema SQLMESH_DEMO.sqlmesh__SQL_MODELS (evaluator.py:282)
2024-11-20 23:01:02,843 - ThreadPoolExecutor-9_0 - snowflake.connector.connection - INFO - Snowflake Connector for Python Version: 3.12.3, Python Version: 3.12.3, Platform: Linux-6.8.0-48-generic-x86_64-with-glibc2.39 (connection.py:414)
2024-11-20 23:01:02,844 - ThreadPoolExecutor-9_0 - snowflake.connector.connection - INFO - Connecting to GLOBAL Snowflake domain (connection.py:1197)
2024-11-20 23:01:02,844 - ThreadPoolExecutor-9_0 - snowflake.connector.connection - INFO - This connection is in OCSP Fail Open Mode. TLS Certificates would be checked for validity and revocation status. Any other Certificate Revocation related exceptions or OCSP Responder failures would be disregarded in favor of connectivity. (connection.py:1278)
2024-11-20 23:01:03,477 - ThreadPoolExecutor-9_0 - sqlmesh.core.engine_adapter.base - INFO - Executing SQL: SELECT CURRENT_DATABASE() (base.py:2062)
2024-11-20 23:01:03,681 - ThreadPoolExecutor-9_0 - snowflake.connector.cursor - INFO - Number of results in first chunk: 1 (cursor.py:1166)
2024-11-20 23:01:03,885 - ThreadPoolExecutor-9_0 - snowflake.connector.cursor - INFO - Number of results in first chunk: 1 (cursor.py:1166)
2024-11-20 23:01:03,886 - ThreadPoolExecutor-9_0 - sqlmesh.core.engine_adapter.base - INFO - Executing SQL: SELECT CURRENT_DATABASE() (base.py:2062)
2024-11-20 23:01:04,091 - ThreadPoolExecutor-9_0 - snowflake.connector.cursor - INFO - Number of results in first chunk: 1 (cursor.py:1166)
2024-11-20 23:01:04,295 - ThreadPoolExecutor-9_0 - snowflake.connector.cursor - INFO - Number of results in first chunk: 1 (cursor.py:1166)
2024-11-20 23:01:04,298 - ThreadPoolExecutor-9_0 - sqlmesh.core.engine_adapter.base - INFO - Executing SQL: SELECT DISTINCT "TABLE_CATALOG" AS "catalog", "TABLE_NAME" AS "name", "TABLE_SCHEMA" AS "schema_name", CASE WHEN "TABLE_TYPE" = 'BASE TABLE' AND "IS_DYNAMIC" = 'YES' THEN 'MANAGED_TABLE' WHEN "TABLE_TYPE" = 'BASE TABLE' THEN 'TABLE' WHEN "TABLE_TYPE" = 'TEMPORARY TABLE' THEN 'TABLE' WHEN "TABLE_TYPE" = 'LOCAL TEMPORARY' THEN 'TABLE' WHEN "TABLE_TYPE" = 'EXTERNAL TABLE' THEN 'TABLE' WHEN "TABLE_TYPE" = 'EVENT TABLE' THEN 'TABLE' WHEN "TABLE_TYPE" = 'VIEW' THEN 'VIEW' WHEN "TABLE_TYPE" = 'MATERIALIZED VIEW' THEN 'MATERIALIZED_VIEW' ELSE "TABLE_TYPE" END AS "type", "CLUSTERING_KEY" AS "clustering_key" FROM "SQLMESH_DEMO"."INFORMATION_SCHEMA"."TABLES" WHERE "TABLE_SCHEMA" = 'sqlmesh__SQL_MODELS' AND "TABLE_NAME" IN ('SQL_MODELS__MESH_MACRO__2943495845', 'SQL_MODELS__SEED_MODEL__4008025669') (base.py:2062)
2024-11-20 23:01:05,012 - ThreadPoolExecutor-9_0 - snowflake.connector.cursor - INFO - Number of results in first chunk: 1 (cursor.py:1166)
2024-11-20 23:01:05,135 - ThreadPoolExecutor-9_0 - snowflake.connector.cursor - INFO - Number of results in first chunk: 1 (cursor.py:1166)
2024-11-20 23:01:05,139 - MainThread - snowflake.connector.connection - INFO - closed (connection.py:789)
2024-11-20 23:01:05,318 - MainThread - snowflake.connector.connection - INFO - No async queries seem to be running, deleting session (connection.py:795)
2024-11-20 23:01:05,524 - MainThread - sqlmesh.core.snapshot.evaluator - INFO - Creating schema 'SQLMESH_DEMO.sqlmesh__SQL_MODELS' (evaluator.py:906)
2024-11-20 23:01:05,525 - MainThread - snowflake.connector.connection - INFO - Snowflake Connector for Python Version: 3.12.3, Python Version: 3.12.3, Platform: Linux-6.8.0-48-generic-x86_64-with-glibc2.39 (connection.py:414)
2024-11-20 23:01:05,525 - MainThread - snowflake.connector.connection - INFO - Connecting to GLOBAL Snowflake domain (connection.py:1197)
2024-11-20 23:01:05,525 - MainThread - snowflake.connector.connection - INFO - This connection is in OCSP Fail Open Mode. TLS Certificates would be checked for validity and revocation status. Any other Certificate Revocation related exceptions or OCSP Responder failures would be disregarded in favor of connectivity. (connection.py:1278)
2024-11-20 23:01:06,139 - MainThread - sqlmesh.core.engine_adapter.base - INFO - Executing SQL: CREATE SCHEMA IF NOT EXISTS "SQLMESH_DEMO"."sqlmesh__SQL_MODELS" (base.py:2062)
2024-11-20 23:01:06,343 - MainThread - snowflake.connector.cursor - INFO - Number of results in first chunk: 1 (cursor.py:1166)
2024-11-20 23:01:06,464 - MainThread - snowflake.connector.cursor - INFO - Number of results in first chunk: 1 (cursor.py:1166)
2024-11-20 23:01:06,465 - ThreadPoolExecutor-13_0 - snowflake.connector.connection - INFO - Snowflake Connector for Python Version: 3.12.3, Python Version: 3.12.3, Platform: Linux-6.8.0-48-generic-x86_64-with-glibc2.39 (connection.py:414)
2024-11-20 23:01:06,466 - ThreadPoolExecutor-13_0 - snowflake.connector.connection - INFO - Connecting to GLOBAL Snowflake domain (connection.py:1197)
2024-11-20 23:01:06,466 - ThreadPoolExecutor-13_0 - snowflake.connector.connection - INFO - This connection is in OCSP Fail Open Mode. TLS Certificates would be checked for validity and revocation status. Any other Certificate Revocation related exceptions or OCSP Responder failures would be disregarded in favor of connectivity. (connection.py:1278)
2024-11-20 23:01:07,061 - ThreadPoolExecutor-13_0 - sqlmesh.core.engine_adapter.base - INFO - Executing SQL: DESCRIBE TABLE "SQLMESH_DEMO"."sqlmesh__SQL_MODELS"."SQL_MODELS__MESH_MACRO__2943495845" (base.py:2062)
2024-11-20 23:01:07,194 - ThreadPoolExecutor-13_0 - sqlmesh.core.snapshot.evaluator - INFO - Creating view 'SQLMESH_DEMO.sqlmesh__SQL_MODELS.SQL_MODELS__MESH_MACRO__2943495845' (evaluator.py:1617)
2024-11-20 23:01:07,204 - ThreadPoolExecutor-13_0 - sqlmesh.core.engine_adapter.base - INFO - Executing SQL: CREATE VIEW "SQLMESH_DEMO"."sqlmesh__SQL_MODELS"."SQL_MODELS__MESH_MACRO__2943495845" AS SELECT "SEED_MODEL"."ID" AS "ID", "SEED_MODEL"."ITEM_ID" AS "ITEM_ID", "SEED_MODEL"."EVENT_DATE" AS "EVENT_DATE" FROM "SQLMESH_DEMO"."sqlmesh__SQL_MODELS"."SQL_MODELS__SEED_MODEL__4008025669" AS "SEED_MODEL" WHERE "SEED_MODEL"."ID" = 3 (base.py:2062)
2024-11-20 23:01:07,440 - ThreadPoolExecutor-13_0 - snowflake.connector.cursor - INFO - Number of results in first chunk: 1 (cursor.py:1166)
2024-11-20 23:01:07,567 - ThreadPoolExecutor-13_0 - snowflake.connector.cursor - INFO - Number of results in first chunk: 1 (cursor.py:1166)
2024-11-20 23:01:07,568 - MainThread - snowflake.connector.connection - INFO - closed (connection.py:789)
2024-11-20 23:01:07,671 - MainThread - snowflake.connector.connection - INFO - No async queries seem to be running, deleting session (connection.py:795)
2024-11-20 23:01:07,951 - MainThread - snowflake.connector.cursor - INFO - Number of results in first chunk: 0 (cursor.py:1166)
2024-11-20 23:01:08,088 - MainThread - snowflake.connector.cursor - INFO - Number of results in first chunk: 1 (cursor.py:1166)
2024-11-20 23:01:08,304 - MainThread - snowflake.connector.cursor - INFO - Number of results in first chunk: 1 (cursor.py:1166)
2024-11-20 23:01:08,471 - MainThread - snowflake.connector.cursor - INFO - Number of results in first chunk: 1 (cursor.py:1166)
2024-11-20 23:01:09,565 - MainThread - snowflake.connector.cursor - INFO - Number of results in first chunk: 1 (cursor.py:1166)
2024-11-20 23:01:09,910 - MainThread - snowflake.connector.cursor - INFO - Number of results in first chunk: 9 (cursor.py:1166)
2024-11-20 23:01:10,052 - MainThread - snowflake.connector.cursor - INFO - Number of results in first chunk: 1 (cursor.py:1166)
2024-11-20 23:01:10,236 - MainThread - snowflake.connector.cursor - INFO - Number of results in first chunk: 1 (cursor.py:1166)
2024-11-20 23:01:10,894 - MainThread - snowflake.connector.cursor - INFO - Number of results in first chunk: 1 (cursor.py:1166)
2024-11-20 23:01:11,752 - MainThread - snowflake.connector.cursor - INFO - Number of results in first chunk: 1 (cursor.py:1166)
2024-11-20 23:01:11,881 - MainThread - snowflake.connector.cursor - INFO - Number of results in first chunk: 1 (cursor.py:1166)
2024-11-20 23:01:12,057 - MainThread - snowflake.connector.cursor - INFO - Number of results in first chunk: 0 (cursor.py:1166)
2024-11-20 23:01:12,187 - MainThread - snowflake.connector.cursor - INFO - Number of results in first chunk: 1 (cursor.py:1166)
2024-11-20 23:01:12,358 - MainThread - snowflake.connector.cursor - INFO - Number of results in first chunk: 1 (cursor.py:1166)
2024-11-20 23:01:12,483 - MainThread - snowflake.connector.cursor - INFO - Number of results in first chunk: 1 (cursor.py:1166)
2024-11-20 23:01:12,485 - ThreadPoolExecutor-23_0 - sqlmesh.core.snapshot.evaluator - INFO - Evaluating snapshot SnapshotId<"SQLMESH_DEMO"."SQL_MODELS"."MESH_MACRO": 3252251501> (evaluator.py:508)
2024-11-20 23:01:12,486 - ThreadPoolExecutor-23_0 - snowflake.connector.connection - INFO - Snowflake Connector for Python Version: 3.12.3, Python Version: 3.12.3, Platform: Linux-6.8.0-48-generic-x86_64-with-glibc2.39 (connection.py:414)
2024-11-20 23:01:12,486 - ThreadPoolExecutor-23_0 - snowflake.connector.connection - INFO - Connecting to GLOBAL Snowflake domain (connection.py:1197)
2024-11-20 23:01:12,486 - ThreadPoolExecutor-23_0 - snowflake.connector.connection - INFO - This connection is in OCSP Fail Open Mode. TLS Certificates would be checked for validity and revocation status. Any other Certificate Revocation related exceptions or OCSP Responder failures would be disregarded in favor of connectivity. (connection.py:1278)
2024-11-20 23:01:13,155 - ThreadPoolExecutor-23_0 - sqlmesh.core.snapshot.evaluator - INFO - Inserting batch (2024-11-19 00:00:00+00:00, 2024-11-20 00:00:00+00:00) into SQLMESH_DEMO.sqlmesh__SQL_MODELS.SQL_MODELS__MESH_MACRO__2943495845' (evaluator.py:538)
2024-11-20 23:01:13,155 - ThreadPoolExecutor-23_0 - sqlmesh.core.snapshot.evaluator - INFO - Replacing view 'SQLMESH_DEMO.sqlmesh__SQL_MODELS.SQL_MODELS__MESH_MACRO__2943495845' (evaluator.py:1572)
2024-11-20 23:01:13,157 - ThreadPoolExecutor-23_0 - sqlmesh.core.engine_adapter.base - INFO - Executing SQL: CREATE OR REPLACE VIEW "SQLMESH_DEMO"."sqlmesh__SQL_MODELS"."SQL_MODELS__MESH_MACRO__2943495845" ("ID", "ITEM_ID", "EVENT_DATE") COPY GRANTS AS SELECT "SEED_MODEL"."ID" AS "ID", "SEED_MODEL"."ITEM_ID" AS "ITEM_ID", "SEED_MODEL"."EVENT_DATE" AS "EVENT_DATE" FROM "SQLMESH_DEMO"."sqlmesh__SQL_MODELS"."SQL_MODELS__SEED_MODEL__4008025669" AS "SEED_MODEL" WHERE "SEED_MODEL"."ID" = 3 (base.py:2062)
2024-11-20 23:01:13,378 - ThreadPoolExecutor-23_0 - snowflake.connector.cursor - INFO - Number of results in first chunk: 1 (cursor.py:1166)
2024-11-20 23:01:13,508 - ThreadPoolExecutor-23_0 - snowflake.connector.cursor - INFO - Number of results in first chunk: 1 (cursor.py:1166)
2024-11-20 23:01:13,509 - ThreadPoolExecutor-23_0 - snowflake.connector.connection - INFO - Snowflake Connector for Python Version: 3.12.3, Python Version: 3.12.3, Platform: Linux-6.8.0-48-generic-x86_64-with-glibc2.39 (connection.py:414)
2024-11-20 23:01:13,509 - ThreadPoolExecutor-23_0 - snowflake.connector.connection - INFO - Connecting to GLOBAL Snowflake domain (connection.py:1197)
2024-11-20 23:01:13,509 - ThreadPoolExecutor-23_0 - snowflake.connector.connection - INFO - This connection is in OCSP Fail Open Mode. TLS Certificates would be checked for validity and revocation status. Any other Certificate Revocation related exceptions or OCSP Responder failures would be disregarded in favor of connectivity. (connection.py:1278)
2024-11-20 23:01:14,056 - ThreadPoolExecutor-23_0 - sqlmesh.core.state_sync.engine_adapter - INFO - Adding interval (1731974400000, 1732060800000) for snapshot SnapshotId<"SQLMESH_DEMO"."SQL_MODELS"."MESH_MACRO": 3252251501> (engine_adapter.py:933)
2024-11-20 23:01:14,201 - ThreadPoolExecutor-23_0 - snowflake.connector.cursor - INFO - Number of results in first chunk: 1 (cursor.py:1166)
2024-11-20 23:01:14,395 - ThreadPoolExecutor-23_0 - snowflake.connector.cursor - INFO - Number of results in first chunk: 1 (cursor.py:1166)
2024-11-20 23:01:14,556 - ThreadPoolExecutor-23_0 - snowflake.connector.cursor - INFO - Number of results in first chunk: 1 (cursor.py:1166)
2024-11-20 23:01:15,485 - ThreadPoolExecutor-23_0 - snowflake.connector.cursor - INFO - Number of results in first chunk: 1 (cursor.py:1166)
2024-11-20 23:01:15,807 - ThreadPoolExecutor-23_0 - snowflake.connector.cursor - INFO - Number of results in first chunk: 10 (cursor.py:1166)
2024-11-20 23:01:15,948 - ThreadPoolExecutor-23_0 - snowflake.connector.cursor - INFO - Number of results in first chunk: 1 (cursor.py:1166)
2024-11-20 23:01:16,137 - ThreadPoolExecutor-23_0 - snowflake.connector.cursor - INFO - Number of results in first chunk: 1 (cursor.py:1166)
2024-11-20 23:01:16,797 - ThreadPoolExecutor-23_0 - snowflake.connector.cursor - INFO - Number of results in first chunk: 1 (cursor.py:1166)
2024-11-20 23:01:17,619 - ThreadPoolExecutor-23_0 - snowflake.connector.cursor - INFO - Number of results in first chunk: 1 (cursor.py:1166)
2024-11-20 23:01:17,763 - ThreadPoolExecutor-23_0 - snowflake.connector.cursor - INFO - Number of results in first chunk: 1 (cursor.py:1166)
2024-11-20 23:01:17,766 - MainThread - snowflake.connector.connection - INFO - closed (connection.py:789)
2024-11-20 23:01:17,869 - MainThread - snowflake.connector.connection - INFO - No async queries seem to be running, deleting session (connection.py:795)
2024-11-20 23:01:17,995 - MainThread - snowflake.connector.connection - INFO - closed (connection.py:789)
2024-11-20 23:01:18,101 - MainThread - snowflake.connector.connection - INFO - No async queries seem to be running, deleting session (connection.py:795)
2024-11-20 23:01:18,220 - MainThread - sqlmesh.core.state_sync.engine_adapter - INFO - Promoting environment 'prod' (engine_adapter.py:266)
2024-11-20 23:01:18,479 - MainThread - snowflake.connector.cursor - INFO - Number of results in first chunk: 10 (cursor.py:1166)
2024-11-20 23:01:18,630 - MainThread - snowflake.connector.cursor - INFO - Number of results in first chunk: 1 (cursor.py:1166)
2024-11-20 23:01:19,689 - MainThread - snowflake.connector.cursor - INFO - Number of results in first chunk: 1 (cursor.py:1166)
2024-11-20 23:01:20,105 - MainThread - snowflake.connector.cursor - INFO - Number of results in first chunk: 1 (cursor.py:1166)
2024-11-20 23:01:20,270 - MainThread - snowflake.connector.cursor - INFO - Number of results in first chunk: 1 (cursor.py:1166)
2024-11-20 23:01:21,204 - MainThread - snowflake.connector.cursor - INFO - Number of results in first chunk: 1 (cursor.py:1166)
2024-11-20 23:01:21,509 - MainThread - snowflake.connector.cursor - INFO - Number of results in first chunk: 14 (cursor.py:1166)
2024-11-20 23:01:21,657 - MainThread - snowflake.connector.cursor - INFO - Number of results in first chunk: 1 (cursor.py:1166)
2024-11-20 23:01:21,870 - MainThread - snowflake.connector.cursor - INFO - Number of results in first chunk: 1 (cursor.py:1166)
2024-11-20 23:01:22,541 - MainThread - snowflake.connector.cursor - INFO - Number of results in first chunk: 1 (cursor.py:1166)
2024-11-20 23:01:23,441 - MainThread - snowflake.connector.cursor - INFO - Number of results in first chunk: 1 (cursor.py:1166)
2024-11-20 23:01:23,568 - MainThread - snowflake.connector.cursor - INFO - Number of results in first chunk: 1 (cursor.py:1166)
2024-11-20 23:01:23,793 - MainThread - snowflake.connector.cursor - INFO - Number of results in first chunk: 1 (cursor.py:1166)
2024-11-20 23:01:23,799 - MainThread - sqlmesh.core.state_sync.engine_adapter - INFO - Unpausing snapshot SnapshotId<"SQLMESH_DEMO"."SQL_MODELS"."MESH_MACRO": 3252251501> (engine_adapter.py:435)
2024-11-20 23:01:24,431 - MainThread - snowflake.connector.cursor - INFO - Number of results in first chunk: 1 (cursor.py:1166)
2024-11-20 23:01:24,433 - MainThread - sqlmesh.core.snapshot.evaluator - INFO - Creating schema 'SQLMESH_DEMO.SQL_MODELS' (evaluator.py:906)
2024-11-20 23:01:24,434 - MainThread - sqlmesh.core.engine_adapter.base - INFO - Executing SQL: CREATE SCHEMA IF NOT EXISTS "SQLMESH_DEMO"."SQL_MODELS" (base.py:2062)
2024-11-20 23:01:24,560 - MainThread - snowflake.connector.cursor - INFO - Number of results in first chunk: 1 (cursor.py:1166)
2024-11-20 23:01:24,685 - MainThread - snowflake.connector.cursor - INFO - Number of results in first chunk: 1 (cursor.py:1166)
2024-11-20 23:01:24,685 - ThreadPoolExecutor-40_0 - sqlmesh.core.snapshot.evaluator - INFO - Updating view 'SQLMESH_DEMO.SQL_MODELS.MESH_MACRO' to point at table 'SQLMESH_DEMO.sqlmesh__SQL_MODELS.SQL_MODELS__MESH_MACRO__2943495845' (evaluator.py:1162)
2024-11-20 23:01:24,686 - ThreadPoolExecutor-40_0 - snowflake.connector.connection - INFO - Snowflake Connector for Python Version: 3.12.3, Python Version: 3.12.3, Platform: Linux-6.8.0-48-generic-x86_64-with-glibc2.39 (connection.py:414)
2024-11-20 23:01:24,686 - ThreadPoolExecutor-40_0 - snowflake.connector.connection - INFO - Connecting to GLOBAL Snowflake domain (connection.py:1197)
2024-11-20 23:01:24,686 - ThreadPoolExecutor-40_0 - snowflake.connector.connection - INFO - This connection is in OCSP Fail Open Mode. TLS Certificates would be checked for validity and revocation status. Any other Certificate Revocation related exceptions or OCSP Responder failures would be disregarded in favor of connectivity. (connection.py:1278)
2024-11-20 23:01:25,223 - ThreadPoolExecutor-40_0 - sqlmesh.core.engine_adapter.base - INFO - Executing SQL: CREATE OR REPLACE VIEW "SQLMESH_DEMO"."SQL_MODELS"."MESH_MACRO" COPY GRANTS AS SELECT * FROM "SQLMESH_DEMO"."sqlmesh__SQL_MODELS"."SQL_MODELS__MESH_MACRO__2943495845" (base.py:2062)
2024-11-20 23:01:25,493 - ThreadPoolExecutor-40_0 - snowflake.connector.cursor - INFO - Number of results in first chunk: 1 (cursor.py:1166)
2024-11-20 23:01:25,622 - ThreadPoolExecutor-40_0 - snowflake.connector.cursor - INFO - Number of results in first chunk: 1 (cursor.py:1166)
2024-11-20 23:01:25,623 - MainThread - snowflake.connector.connection - INFO - closed (connection.py:789)
2024-11-20 23:01:25,728 - MainThread - snowflake.connector.connection - INFO - No async queries seem to be running, deleting session (connection.py:795)
2024-11-20 23:01:25,848 - MainThread - sqlmesh.core.state_sync.engine_adapter - INFO - Finalizing environment 'prod' (engine_adapter.py:387)
2024-11-20 23:01:26,031 - MainThread - snowflake.connector.cursor - INFO - Number of results in first chunk: 1 (cursor.py:1166)
2024-11-20 23:01:26,625 - MainThread - snowflake.connector.cursor - INFO - Number of results in first chunk: 1 (cursor.py:1166)
2024-11-20 23:01:26,627 - MainThread - snowflake.connector.connection - INFO - closed (connection.py:789)
2024-11-20 23:01:26,730 - MainThread - snowflake.connector.connection - INFO - No async queries seem to be running, deleting session (connection.py:795)
2024-11-20 23:01:26,848 - MainThread - snowflake.connector.connection - INFO - closed (connection.py:789)
2024-11-20 23:01:26,958 - MainThread - snowflake.connector.connection - INFO - No async queries seem to be running, deleting session (connection.py:795)
2024-11-20 23:01:27,087 - MainThread - root - INFO - Shutting down the event dispatcher (dispatcher.py:159)
