2024-11-22 01:03:19,352 - MainThread - snowflake.connector.connection - INFO - Snowflake Connector for Python Version: 3.12.3, Python Version: 3.12.3, Platform: Linux-6.8.0-48-generic-x86_64-with-glibc2.39 (connection.py:414)
2024-11-22 01:03:19,353 - MainThread - snowflake.connector.connection - INFO - Connecting to GLOBAL Snowflake domain (connection.py:1197)
2024-11-22 01:03:19,353 - MainThread - snowflake.connector.connection - INFO - This connection is in OCSP Fail Open Mode. TLS Certificates would be checked for validity and revocation status. Any other Certificate Revocation related exceptions or OCSP Responder failures would be disregarded in favor of connectivity. (connection.py:1278)
2024-11-22 01:03:20,627 - MainThread - snowflake.connector.cursor - INFO - Number of results in first chunk: 1 (cursor.py:1166)
2024-11-22 01:03:20,834 - MainThread - snowflake.connector.cursor - INFO - Number of results in first chunk: 1 (cursor.py:1166)
2024-11-22 01:03:21,066 - MainThread - snowflake.connector.cursor - INFO - Number of results in first chunk: 1 (cursor.py:1166)
2024-11-22 01:03:21,182 - MainThread - snowflake.connector.cursor - INFO - Number of results in first chunk: 1 (cursor.py:1166)
2024-11-22 01:03:21,687 - MainThread - snowflake.connector.cursor - INFO - Number of results in first chunk: 2 (cursor.py:1166)
2024-11-22 01:03:21,798 - MainThread - snowflake.connector.cursor - INFO - Number of results in first chunk: 1 (cursor.py:1166)
2024-11-22 01:03:22,879 - MainThread - snowflake.connector.cursor - INFO - Number of results in first chunk: 1 (cursor.py:1166)
2024-11-22 01:03:23,010 - MainThread - snowflake.connector.cursor - INFO - Number of results in first chunk: 1 (cursor.py:1166)
2024-11-22 01:03:23,187 - MainThread - snowflake.connector.cursor - INFO - Number of results in first chunk: 1 (cursor.py:1166)
2024-11-22 01:03:23,305 - MainThread - snowflake.connector.cursor - INFO - Number of results in first chunk: 1 (cursor.py:1166)
2024-11-22 01:03:23,597 - MainThread - snowflake.connector.cursor - INFO - Number of results in first chunk: 1 (cursor.py:1166)
2024-11-22 01:03:23,715 - MainThread - snowflake.connector.cursor - INFO - Number of results in first chunk: 1 (cursor.py:1166)
2024-11-22 01:03:23,904 - MainThread - snowflake.connector.cursor - INFO - Number of results in first chunk: 3 (cursor.py:1166)
2024-11-22 01:03:24,023 - MainThread - snowflake.connector.cursor - INFO - Number of results in first chunk: 1 (cursor.py:1166)
2024-11-22 01:03:24,216 - MainThread - snowflake.connector.cursor - INFO - Number of results in first chunk: 1 (cursor.py:1166)
2024-11-22 01:03:24,416 - MainThread - snowflake.connector.cursor - INFO - Number of results in first chunk: 1 (cursor.py:1166)
2024-11-22 01:03:24,671 - MainThread - snowflake.connector.cursor - INFO - Number of results in first chunk: 1 (cursor.py:1166)
2024-11-22 01:03:25,030 - MainThread - snowflake.connector.cursor - INFO - Number of results in first chunk: 1 (cursor.py:1166)
2024-11-22 01:03:25,234 - MainThread - snowflake.connector.cursor - INFO - Number of results in first chunk: 1 (cursor.py:1166)
2024-11-22 01:03:25,365 - MainThread - snowflake.connector.cursor - INFO - Number of results in first chunk: 1 (cursor.py:1166)
2024-11-22 01:03:25,542 - MainThread - snowflake.connector.cursor - INFO - Number of results in first chunk: 8 (cursor.py:1166)
2024-11-22 01:03:25,651 - MainThread - snowflake.connector.cursor - INFO - Number of results in first chunk: 1 (cursor.py:1166)
2024-11-22 01:03:25,951 - MainThread - snowflake.connector.cursor - INFO - Number of results in first chunk: 1 (cursor.py:1166)
2024-11-22 01:03:26,082 - MainThread - snowflake.connector.cursor - INFO - Number of results in first chunk: 1 (cursor.py:1166)
2024-11-22 01:03:26,083 - MainThread - snowflake.connector.connection - INFO - closed (connection.py:789)
2024-11-22 01:03:26,258 - MainThread - snowflake.connector.connection - INFO - No async queries seem to be running, deleting session (connection.py:795)
2024-11-22 01:03:26,368 - MainThread - root - INFO - Shutting down the event dispatcher (dispatcher.py:159)
