2024-11-22 12:46:08,078 - MainThread - sqlmesh.core.config.scheduler - WARNING - The snowflake engine is not recommended for storing SQLMesh state in production deployments. Please see https://sqlmesh.readthedocs.io/en/stable/guides/configuration/#state-connection for a list of recommended engines and more information. (scheduler.py:94)
2024-11-22 12:46:08,080 - MainThread - snowflake.connector.connection - INFO - Snowflake Connector for Python Version: 3.12.3, Python Version: 3.12.3, Platform: Linux-6.8.0-49-generic-x86_64-with-glibc2.39 (connection.py:414)
2024-11-22 12:46:08,080 - MainThread - snowflake.connector.connection - INFO - Connecting to GLOBAL Snowflake domain (connection.py:1197)
2024-11-22 12:46:08,080 - MainThread - snowflake.connector.connection - INFO - This connection is in OCSP Fail Open Mode. TLS Certificates would be checked for validity and revocation status. Any other Certificate Revocation related exceptions or OCSP Responder failures would be disregarded in favor of connectivity. (connection.py:1278)
2024-11-22 12:46:08,881 - MainThread - snowflake.connector.cursor - INFO - Number of results in first chunk: 1 (cursor.py:1166)
2024-11-22 12:46:09,706 - MainThread - sqlmesh.core.state_sync.engine_adapter - INFO - Applying migration <module 'sqlmesh.migrations.v0001_init' from '/home/azam/Desktop/sqlmesh-demo/venv/lib/python3.12/site-packages/sqlmesh/migrations/v0001_init.py'> (engine_adapter.py:1314)
2024-11-22 12:46:09,830 - MainThread - snowflake.connector.cursor - INFO - Number of results in first chunk: 1 (cursor.py:1166)
2024-11-22 12:46:10,051 - MainThread - snowflake.connector.cursor - INFO - Number of results in first chunk: 1 (cursor.py:1166)
2024-11-22 12:46:10,246 - MainThread - snowflake.connector.cursor - INFO - Number of results in first chunk: 1 (cursor.py:1166)
2024-11-22 12:46:10,438 - MainThread - snowflake.connector.cursor - INFO - Number of results in first chunk: 1 (cursor.py:1166)
2024-11-22 12:46:10,438 - MainThread - sqlmesh.core.state_sync.engine_adapter - INFO - Applying migration <module 'sqlmesh.migrations.v0002_remove_identify' from '/home/azam/Desktop/sqlmesh-demo/venv/lib/python3.12/site-packages/sqlmesh/migrations/v0002_remove_identify.py'> (engine_adapter.py:1314)
2024-11-22 12:46:10,438 - MainThread - sqlmesh.core.state_sync.engine_adapter - INFO - Applying migration <module 'sqlmesh.migrations.v0003_move_batch_size' from '/home/azam/Desktop/sqlmesh-demo/venv/lib/python3.12/site-packages/sqlmesh/migrations/v0003_move_batch_size.py'> (engine_adapter.py:1314)
2024-11-22 12:46:10,577 - MainThread - snowflake.connector.cursor - INFO - Number of results in first chunk: 0 (cursor.py:1166)
2024-11-22 12:46:10,577 - MainThread - sqlmesh.core.state_sync.engine_adapter - INFO - Applying migration <module 'sqlmesh.migrations.v0004_environmnent_add_finalized_at' from '/home/azam/Desktop/sqlmesh-demo/venv/lib/python3.12/site-packages/sqlmesh/migrations/v0004_environmnent_add_finalized_at.py'> (engine_adapter.py:1314)
2024-11-22 12:46:10,750 - MainThread - snowflake.connector.cursor - INFO - Number of results in first chunk: 1 (cursor.py:1166)
2024-11-22 12:46:10,750 - MainThread - sqlmesh.core.state_sync.engine_adapter - INFO - Applying migration <module 'sqlmesh.migrations.v0005_create_seed_table' from '/home/azam/Desktop/sqlmesh-demo/venv/lib/python3.12/site-packages/sqlmesh/migrations/v0005_create_seed_table.py'> (engine_adapter.py:1314)
2024-11-22 12:46:10,930 - MainThread - snowflake.connector.cursor - INFO - Number of results in first chunk: 1 (cursor.py:1166)
2024-11-22 12:46:10,931 - MainThread - sqlmesh.core.state_sync.engine_adapter - INFO - Applying migration <module 'sqlmesh.migrations.v0006_change_seed_hash' from '/home/azam/Desktop/sqlmesh-demo/venv/lib/python3.12/site-packages/sqlmesh/migrations/v0006_change_seed_hash.py'> (engine_adapter.py:1314)
2024-11-22 12:46:10,931 - MainThread - sqlmesh.core.state_sync.engine_adapter - INFO - Applying migration <module 'sqlmesh.migrations.v0007_env_table_info_to_kind' from '/home/azam/Desktop/sqlmesh-demo/venv/lib/python3.12/site-packages/sqlmesh/migrations/v0007_env_table_info_to_kind.py'> (engine_adapter.py:1314)
2024-11-22 12:46:11,056 - MainThread - snowflake.connector.cursor - INFO - Number of results in first chunk: 0 (cursor.py:1166)
2024-11-22 12:46:11,240 - MainThread - snowflake.connector.cursor - INFO - Number of results in first chunk: 0 (cursor.py:1166)
2024-11-22 12:46:11,241 - MainThread - sqlmesh.core.state_sync.engine_adapter - INFO - Applying migration <module 'sqlmesh.migrations.v0008_create_intervals_table' from '/home/azam/Desktop/sqlmesh-demo/venv/lib/python3.12/site-packages/sqlmesh/migrations/v0008_create_intervals_table.py'> (engine_adapter.py:1314)
2024-11-22 12:46:11,476 - MainThread - snowflake.connector.cursor - INFO - Number of results in first chunk: 1 (cursor.py:1166)
2024-11-22 12:46:11,477 - MainThread - sqlmesh.core.state_sync.engine_adapter - INFO - Applying migration <module 'sqlmesh.migrations.v0009_remove_pre_post_hooks' from '/home/azam/Desktop/sqlmesh-demo/venv/lib/python3.12/site-packages/sqlmesh/migrations/v0009_remove_pre_post_hooks.py'> (engine_adapter.py:1314)
2024-11-22 12:46:11,612 - MainThread - snowflake.connector.cursor - INFO - Number of results in first chunk: 0 (cursor.py:1166)
2024-11-22 12:46:11,613 - MainThread - sqlmesh.core.state_sync.engine_adapter - INFO - Applying migration <module 'sqlmesh.migrations.v0010_seed_hash_batch_size' from '/home/azam/Desktop/sqlmesh-demo/venv/lib/python3.12/site-packages/sqlmesh/migrations/v0010_seed_hash_batch_size.py'> (engine_adapter.py:1314)
2024-11-22 12:46:11,613 - MainThread - sqlmesh.core.state_sync.engine_adapter - INFO - Applying migration <module 'sqlmesh.migrations.v0011_add_model_kind_name' from '/home/azam/Desktop/sqlmesh-demo/venv/lib/python3.12/site-packages/sqlmesh/migrations/v0011_add_model_kind_name.py'> (engine_adapter.py:1314)
2024-11-22 12:46:11,765 - MainThread - snowflake.connector.cursor - INFO - Number of results in first chunk: 1 (cursor.py:1166)
2024-11-22 12:46:11,886 - MainThread - snowflake.connector.cursor - INFO - Number of results in first chunk: 0 (cursor.py:1166)
2024-11-22 12:46:11,888 - MainThread - sqlmesh.core.state_sync.engine_adapter - INFO - Applying migration <module 'sqlmesh.migrations.v0012_update_jinja_expressions' from '/home/azam/Desktop/sqlmesh-demo/venv/lib/python3.12/site-packages/sqlmesh/migrations/v0012_update_jinja_expressions.py'> (engine_adapter.py:1314)
2024-11-22 12:46:11,996 - MainThread - snowflake.connector.cursor - INFO - Number of results in first chunk: 0 (cursor.py:1166)
2024-11-22 12:46:11,996 - MainThread - sqlmesh.core.state_sync.engine_adapter - INFO - Applying migration <module 'sqlmesh.migrations.v0013_serde_using_model_dialects' from '/home/azam/Desktop/sqlmesh-demo/venv/lib/python3.12/site-packages/sqlmesh/migrations/v0013_serde_using_model_dialects.py'> (engine_adapter.py:1314)
2024-11-22 12:46:12,136 - MainThread - snowflake.connector.cursor - INFO - Number of results in first chunk: 0 (cursor.py:1166)
2024-11-22 12:46:12,136 - MainThread - sqlmesh.core.state_sync.engine_adapter - INFO - Applying migration <module 'sqlmesh.migrations.v0014_fix_dev_intervals' from '/home/azam/Desktop/sqlmesh-demo/venv/lib/python3.12/site-packages/sqlmesh/migrations/v0014_fix_dev_intervals.py'> (engine_adapter.py:1314)
2024-11-22 12:46:12,361 - MainThread - sqlmesh.core.state_sync.engine_adapter - INFO - Applying migration <module 'sqlmesh.migrations.v0015_environment_add_promoted_snapshot_ids' from '/home/azam/Desktop/sqlmesh-demo/venv/lib/python3.12/site-packages/sqlmesh/migrations/v0015_environment_add_promoted_snapshot_ids.py'> (engine_adapter.py:1314)
2024-11-22 12:46:12,563 - MainThread - snowflake.connector.cursor - INFO - Number of results in first chunk: 1 (cursor.py:1166)
2024-11-22 12:46:12,563 - MainThread - sqlmesh.core.state_sync.engine_adapter - INFO - Applying migration <module 'sqlmesh.migrations.v0016_fix_windows_path' from '/home/azam/Desktop/sqlmesh-demo/venv/lib/python3.12/site-packages/sqlmesh/migrations/v0016_fix_windows_path.py'> (engine_adapter.py:1314)
2024-11-22 12:46:12,696 - MainThread - snowflake.connector.cursor - INFO - Number of results in first chunk: 0 (cursor.py:1166)
2024-11-22 12:46:12,697 - MainThread - sqlmesh.core.state_sync.engine_adapter - INFO - Applying migration <module 'sqlmesh.migrations.v0017_fix_windows_seed_path' from '/home/azam/Desktop/sqlmesh-demo/venv/lib/python3.12/site-packages/sqlmesh/migrations/v0017_fix_windows_seed_path.py'> (engine_adapter.py:1314)
2024-11-22 12:46:12,836 - MainThread - snowflake.connector.cursor - INFO - Number of results in first chunk: 0 (cursor.py:1166)
2024-11-22 12:46:12,837 - MainThread - sqlmesh.core.state_sync.engine_adapter - INFO - Applying migration <module 'sqlmesh.migrations.v0018_rename_snapshot_model_to_node' from '/home/azam/Desktop/sqlmesh-demo/venv/lib/python3.12/site-packages/sqlmesh/migrations/v0018_rename_snapshot_model_to_node.py'> (engine_adapter.py:1314)
2024-11-22 12:46:12,953 - MainThread - snowflake.connector.cursor - INFO - Number of results in first chunk: 0 (cursor.py:1166)
2024-11-22 12:46:12,953 - MainThread - sqlmesh.core.state_sync.engine_adapter - INFO - Applying migration <module 'sqlmesh.migrations.v0019_add_env_suffix_target' from '/home/azam/Desktop/sqlmesh-demo/venv/lib/python3.12/site-packages/sqlmesh/migrations/v0019_add_env_suffix_target.py'> (engine_adapter.py:1314)
2024-11-22 12:46:13,114 - MainThread - snowflake.connector.cursor - INFO - Number of results in first chunk: 1 (cursor.py:1166)
2024-11-22 12:46:13,361 - MainThread - sqlmesh.core.state_sync.engine_adapter - INFO - Applying migration <module 'sqlmesh.migrations.v0020_remove_redundant_attributes_from_dbt_models' from '/home/azam/Desktop/sqlmesh-demo/venv/lib/python3.12/site-packages/sqlmesh/migrations/v0020_remove_redundant_attributes_from_dbt_models.py'> (engine_adapter.py:1314)
2024-11-22 12:46:13,499 - MainThread - snowflake.connector.cursor - INFO - Number of results in first chunk: 0 (cursor.py:1166)
2024-11-22 12:46:13,500 - MainThread - sqlmesh.core.state_sync.engine_adapter - INFO - Applying migration <module 'sqlmesh.migrations.v0021_fix_table_properties' from '/home/azam/Desktop/sqlmesh-demo/venv/lib/python3.12/site-packages/sqlmesh/migrations/v0021_fix_table_properties.py'> (engine_adapter.py:1314)
2024-11-22 12:46:13,623 - MainThread - snowflake.connector.cursor - INFO - Number of results in first chunk: 0 (cursor.py:1166)
2024-11-22 12:46:13,623 - MainThread - sqlmesh.core.state_sync.engine_adapter - INFO - Applying migration <module 'sqlmesh.migrations.v0022_move_project_to_model' from '/home/azam/Desktop/sqlmesh-demo/venv/lib/python3.12/site-packages/sqlmesh/migrations/v0022_move_project_to_model.py'> (engine_adapter.py:1314)
2024-11-22 12:46:13,756 - MainThread - snowflake.connector.cursor - INFO - Number of results in first chunk: 0 (cursor.py:1166)
2024-11-22 12:46:13,941 - MainThread - sqlmesh.core.state_sync.engine_adapter - INFO - Applying migration <module 'sqlmesh.migrations.v0023_fix_added_models_with_forward_only_parents' from '/home/azam/Desktop/sqlmesh-demo/venv/lib/python3.12/site-packages/sqlmesh/migrations/v0023_fix_added_models_with_forward_only_parents.py'> (engine_adapter.py:1314)
2024-11-22 12:46:14,052 - MainThread - snowflake.connector.cursor - INFO - Number of results in first chunk: 0 (cursor.py:1166)
2024-11-22 12:46:14,053 - MainThread - sqlmesh.core.state_sync.engine_adapter - INFO - Applying migration <module 'sqlmesh.migrations.v0024_replace_model_kind_name_enum_with_value' from '/home/azam/Desktop/sqlmesh-demo/venv/lib/python3.12/site-packages/sqlmesh/migrations/v0024_replace_model_kind_name_enum_with_value.py'> (engine_adapter.py:1314)
2024-11-22 12:46:14,169 - MainThread - snowflake.connector.cursor - INFO - Number of results in first chunk: 0 (cursor.py:1166)
2024-11-22 12:46:14,169 - MainThread - sqlmesh.core.state_sync.engine_adapter - INFO - Applying migration <module 'sqlmesh.migrations.v0025_fix_intervals_and_missing_change_category' from '/home/azam/Desktop/sqlmesh-demo/venv/lib/python3.12/site-packages/sqlmesh/migrations/v0025_fix_intervals_and_missing_change_category.py'> (engine_adapter.py:1314)
2024-11-22 12:46:14,285 - MainThread - snowflake.connector.cursor - INFO - Number of results in first chunk: 0 (cursor.py:1166)
2024-11-22 12:46:14,286 - MainThread - sqlmesh.core.state_sync.engine_adapter - INFO - Applying migration <module 'sqlmesh.migrations.v0026_remove_dialect_from_seed' from '/home/azam/Desktop/sqlmesh-demo/venv/lib/python3.12/site-packages/sqlmesh/migrations/v0026_remove_dialect_from_seed.py'> (engine_adapter.py:1314)
2024-11-22 12:46:14,405 - MainThread - snowflake.connector.cursor - INFO - Number of results in first chunk: 0 (cursor.py:1166)
2024-11-22 12:46:14,405 - MainThread - sqlmesh.core.state_sync.engine_adapter - INFO - Applying migration <module 'sqlmesh.migrations.v0027_minute_interval_to_five' from '/home/azam/Desktop/sqlmesh-demo/venv/lib/python3.12/site-packages/sqlmesh/migrations/v0027_minute_interval_to_five.py'> (engine_adapter.py:1314)
2024-11-22 12:46:14,525 - MainThread - snowflake.connector.cursor - INFO - Number of results in first chunk: 0 (cursor.py:1166)
2024-11-22 12:46:14,526 - MainThread - sqlmesh.core.state_sync.engine_adapter - INFO - Applying migration <module 'sqlmesh.migrations.v0028_add_plan_dags_table' from '/home/azam/Desktop/sqlmesh-demo/venv/lib/python3.12/site-packages/sqlmesh/migrations/v0028_add_plan_dags_table.py'> (engine_adapter.py:1314)
2024-11-22 12:46:14,637 - MainThread - snowflake.connector.cursor - INFO - Number of results in first chunk: 1 (cursor.py:1166)
2024-11-22 12:46:14,859 - MainThread - snowflake.connector.cursor - INFO - Number of results in first chunk: 1 (cursor.py:1166)
2024-11-22 12:46:14,859 - MainThread - sqlmesh.core.state_sync.engine_adapter - INFO - Applying migration <module 'sqlmesh.migrations.v0029_generate_schema_types_using_dialect' from '/home/azam/Desktop/sqlmesh-demo/venv/lib/python3.12/site-packages/sqlmesh/migrations/v0029_generate_schema_types_using_dialect.py'> (engine_adapter.py:1314)
2024-11-22 12:46:14,984 - MainThread - snowflake.connector.cursor - INFO - Number of results in first chunk: 0 (cursor.py:1166)
2024-11-22 12:46:14,984 - MainThread - sqlmesh.core.state_sync.engine_adapter - INFO - Applying migration <module 'sqlmesh.migrations.v0030_update_unrestorable_snapshots' from '/home/azam/Desktop/sqlmesh-demo/venv/lib/python3.12/site-packages/sqlmesh/migrations/v0030_update_unrestorable_snapshots.py'> (engine_adapter.py:1314)
2024-11-22 12:46:15,103 - MainThread - snowflake.connector.cursor - INFO - Number of results in first chunk: 0 (cursor.py:1166)
2024-11-22 12:46:15,103 - MainThread - sqlmesh.core.state_sync.engine_adapter - INFO - Applying migration <module 'sqlmesh.migrations.v0031_remove_dbt_target_fields' from '/home/azam/Desktop/sqlmesh-demo/venv/lib/python3.12/site-packages/sqlmesh/migrations/v0031_remove_dbt_target_fields.py'> (engine_adapter.py:1314)
2024-11-22 12:46:15,223 - MainThread - snowflake.connector.cursor - INFO - Number of results in first chunk: 0 (cursor.py:1166)
2024-11-22 12:46:15,224 - MainThread - sqlmesh.core.state_sync.engine_adapter - INFO - Applying migration <module 'sqlmesh.migrations.v0032_add_sqlmesh_version' from '/home/azam/Desktop/sqlmesh-demo/venv/lib/python3.12/site-packages/sqlmesh/migrations/v0032_add_sqlmesh_version.py'> (engine_adapter.py:1314)
2024-11-22 12:46:15,378 - MainThread - snowflake.connector.cursor - INFO - Number of results in first chunk: 1 (cursor.py:1166)
2024-11-22 12:46:15,379 - MainThread - sqlmesh.core.state_sync.engine_adapter - INFO - Applying migration <module 'sqlmesh.migrations.v0033_mysql_fix_blob_text_type' from '/home/azam/Desktop/sqlmesh-demo/venv/lib/python3.12/site-packages/sqlmesh/migrations/v0033_mysql_fix_blob_text_type.py'> (engine_adapter.py:1314)
2024-11-22 12:46:15,379 - MainThread - sqlmesh.core.state_sync.engine_adapter - INFO - Applying migration <module 'sqlmesh.migrations.v0034_add_default_catalog' from '/home/azam/Desktop/sqlmesh-demo/venv/lib/python3.12/site-packages/sqlmesh/migrations/v0034_add_default_catalog.py'> (engine_adapter.py:1314)
2024-11-22 12:46:15,495 - MainThread - snowflake.connector.cursor - INFO - Number of results in first chunk: 0 (cursor.py:1166)
2024-11-22 12:46:15,607 - MainThread - snowflake.connector.cursor - INFO - Number of results in first chunk: 0 (cursor.py:1166)
2024-11-22 12:46:15,720 - MainThread - snowflake.connector.cursor - INFO - Number of results in first chunk: 0 (cursor.py:1166)
2024-11-22 12:46:15,850 - MainThread - snowflake.connector.cursor - INFO - Number of results in first chunk: 0 (cursor.py:1166)
2024-11-22 12:46:15,850 - MainThread - sqlmesh.core.state_sync.engine_adapter - INFO - Applying migration <module 'sqlmesh.migrations.v0035_add_catalog_name_override' from '/home/azam/Desktop/sqlmesh-demo/venv/lib/python3.12/site-packages/sqlmesh/migrations/v0035_add_catalog_name_override.py'> (engine_adapter.py:1314)
2024-11-22 12:46:16,009 - MainThread - snowflake.connector.cursor - INFO - Number of results in first chunk: 1 (cursor.py:1166)
2024-11-22 12:46:16,009 - MainThread - sqlmesh.core.state_sync.engine_adapter - INFO - Applying migration <module 'sqlmesh.migrations.v0036_delete_plan_dags_bug_fix' from '/home/azam/Desktop/sqlmesh-demo/venv/lib/python3.12/site-packages/sqlmesh/migrations/v0036_delete_plan_dags_bug_fix.py'> (engine_adapter.py:1314)
2024-11-22 12:46:16,216 - MainThread - sqlmesh.core.state_sync.engine_adapter - INFO - Applying migration <module 'sqlmesh.migrations.v0037_remove_dbt_is_incremental_macro' from '/home/azam/Desktop/sqlmesh-demo/venv/lib/python3.12/site-packages/sqlmesh/migrations/v0037_remove_dbt_is_incremental_macro.py'> (engine_adapter.py:1314)
2024-11-22 12:46:16,336 - MainThread - snowflake.connector.cursor - INFO - Number of results in first chunk: 0 (cursor.py:1166)
2024-11-22 12:46:16,337 - MainThread - sqlmesh.core.state_sync.engine_adapter - INFO - Applying migration <module 'sqlmesh.migrations.v0038_add_expiration_ts_to_snapshot' from '/home/azam/Desktop/sqlmesh-demo/venv/lib/python3.12/site-packages/sqlmesh/migrations/v0038_add_expiration_ts_to_snapshot.py'> (engine_adapter.py:1314)
2024-11-22 12:46:16,518 - MainThread - snowflake.connector.cursor - INFO - Number of results in first chunk: 1 (cursor.py:1166)
2024-11-22 12:46:16,650 - MainThread - snowflake.connector.cursor - INFO - Number of results in first chunk: 0 (cursor.py:1166)
2024-11-22 12:46:16,651 - MainThread - sqlmesh.core.state_sync.engine_adapter - INFO - Applying migration <module 'sqlmesh.migrations.v0039_include_environment_in_plan_dag_spec' from '/home/azam/Desktop/sqlmesh-demo/venv/lib/python3.12/site-packages/sqlmesh/migrations/v0039_include_environment_in_plan_dag_spec.py'> (engine_adapter.py:1314)
2024-11-22 12:46:16,778 - MainThread - snowflake.connector.cursor - INFO - Number of results in first chunk: 0 (cursor.py:1166)
2024-11-22 12:46:16,778 - MainThread - sqlmesh.core.state_sync.engine_adapter - INFO - Applying migration <module 'sqlmesh.migrations.v0040_add_previous_finalized_snapshots' from '/home/azam/Desktop/sqlmesh-demo/venv/lib/python3.12/site-packages/sqlmesh/migrations/v0040_add_previous_finalized_snapshots.py'> (engine_adapter.py:1314)
2024-11-22 12:46:16,922 - MainThread - snowflake.connector.cursor - INFO - Number of results in first chunk: 1 (cursor.py:1166)
2024-11-22 12:46:16,922 - MainThread - sqlmesh.core.state_sync.engine_adapter - INFO - Applying migration <module 'sqlmesh.migrations.v0041_remove_hash_raw_query_attribute' from '/home/azam/Desktop/sqlmesh-demo/venv/lib/python3.12/site-packages/sqlmesh/migrations/v0041_remove_hash_raw_query_attribute.py'> (engine_adapter.py:1314)
2024-11-22 12:46:17,042 - MainThread - snowflake.connector.cursor - INFO - Number of results in first chunk: 0 (cursor.py:1166)
2024-11-22 12:46:17,042 - MainThread - sqlmesh.core.state_sync.engine_adapter - INFO - Applying migration <module 'sqlmesh.migrations.v0042_trim_indirect_versions' from '/home/azam/Desktop/sqlmesh-demo/venv/lib/python3.12/site-packages/sqlmesh/migrations/v0042_trim_indirect_versions.py'> (engine_adapter.py:1314)
2024-11-22 12:46:17,156 - MainThread - snowflake.connector.cursor - INFO - Number of results in first chunk: 0 (cursor.py:1166)
2024-11-22 12:46:17,156 - MainThread - sqlmesh.core.state_sync.engine_adapter - INFO - Applying migration <module 'sqlmesh.migrations.v0043_fix_remove_obsolete_attributes_in_plan_dags' from '/home/azam/Desktop/sqlmesh-demo/venv/lib/python3.12/site-packages/sqlmesh/migrations/v0043_fix_remove_obsolete_attributes_in_plan_dags.py'> (engine_adapter.py:1314)
2024-11-22 12:46:17,275 - MainThread - snowflake.connector.cursor - INFO - Number of results in first chunk: 0 (cursor.py:1166)
2024-11-22 12:46:17,276 - MainThread - sqlmesh.core.state_sync.engine_adapter - INFO - Applying migration <module 'sqlmesh.migrations.v0044_quote_identifiers_in_model_attributes' from '/home/azam/Desktop/sqlmesh-demo/venv/lib/python3.12/site-packages/sqlmesh/migrations/v0044_quote_identifiers_in_model_attributes.py'> (engine_adapter.py:1314)
2024-11-22 12:46:17,276 - MainThread - sqlmesh.core.state_sync.engine_adapter - INFO - Applying migration <module 'sqlmesh.migrations.v0045_move_gateway_variable' from '/home/azam/Desktop/sqlmesh-demo/venv/lib/python3.12/site-packages/sqlmesh/migrations/v0045_move_gateway_variable.py'> (engine_adapter.py:1314)
2024-11-22 12:46:17,396 - MainThread - snowflake.connector.cursor - INFO - Number of results in first chunk: 0 (cursor.py:1166)
2024-11-22 12:46:17,397 - MainThread - sqlmesh.core.state_sync.engine_adapter - INFO - Applying migration <module 'sqlmesh.migrations.v0046_add_batch_concurrency' from '/home/azam/Desktop/sqlmesh-demo/venv/lib/python3.12/site-packages/sqlmesh/migrations/v0046_add_batch_concurrency.py'> (engine_adapter.py:1314)
2024-11-22 12:46:17,397 - MainThread - sqlmesh.core.state_sync.engine_adapter - INFO - Applying migration <module 'sqlmesh.migrations.v0047_change_scd_string_to_column' from '/home/azam/Desktop/sqlmesh-demo/venv/lib/python3.12/site-packages/sqlmesh/migrations/v0047_change_scd_string_to_column.py'> (engine_adapter.py:1314)
2024-11-22 12:46:17,397 - MainThread - sqlmesh.core.state_sync.engine_adapter - INFO - Applying migration <module 'sqlmesh.migrations.v0048_drop_indirect_versions' from '/home/azam/Desktop/sqlmesh-demo/venv/lib/python3.12/site-packages/sqlmesh/migrations/v0048_drop_indirect_versions.py'> (engine_adapter.py:1314)
2024-11-22 12:46:17,517 - MainThread - snowflake.connector.cursor - INFO - Number of results in first chunk: 0 (cursor.py:1166)
2024-11-22 12:46:17,518 - MainThread - sqlmesh.core.state_sync.engine_adapter - INFO - Applying migration <module 'sqlmesh.migrations.v0049_replace_identifier_with_version_in_seeds_table' from '/home/azam/Desktop/sqlmesh-demo/venv/lib/python3.12/site-packages/sqlmesh/migrations/v0049_replace_identifier_with_version_in_seeds_table.py'> (engine_adapter.py:1314)
2024-11-22 12:46:17,628 - MainThread - snowflake.connector.cursor - INFO - Number of results in first chunk: 1 (cursor.py:1166)
2024-11-22 12:46:17,805 - MainThread - snowflake.connector.cursor - INFO - Number of results in first chunk: 1 (cursor.py:1166)
2024-11-22 12:46:17,916 - MainThread - snowflake.connector.cursor - INFO - Number of results in first chunk: 3 (cursor.py:1166)
2024-11-22 12:46:18,391 - MainThread - snowflake.connector.cursor - INFO - Number of results in first chunk: 1 (cursor.py:1166)
2024-11-22 12:46:18,525 - MainThread - snowflake.connector.cursor - INFO - Number of results in first chunk: 1 (cursor.py:1166)
2024-11-22 12:46:18,525 - MainThread - sqlmesh.core.state_sync.engine_adapter - INFO - Applying migration <module 'sqlmesh.migrations.v0050_drop_seeds_table' from '/home/azam/Desktop/sqlmesh-demo/venv/lib/python3.12/site-packages/sqlmesh/migrations/v0050_drop_seeds_table.py'> (engine_adapter.py:1314)
2024-11-22 12:46:18,664 - MainThread - snowflake.connector.cursor - INFO - Number of results in first chunk: 1 (cursor.py:1166)
2024-11-22 12:46:18,665 - MainThread - sqlmesh.core.state_sync.engine_adapter - INFO - Applying migration <module 'sqlmesh.migrations.v0051_rename_column_descriptions' from '/home/azam/Desktop/sqlmesh-demo/venv/lib/python3.12/site-packages/sqlmesh/migrations/v0051_rename_column_descriptions.py'> (engine_adapter.py:1314)
2024-11-22 12:46:18,781 - MainThread - snowflake.connector.cursor - INFO - Number of results in first chunk: 0 (cursor.py:1166)
2024-11-22 12:46:18,781 - MainThread - sqlmesh.core.state_sync.engine_adapter - INFO - Applying migration <module 'sqlmesh.migrations.v0052_add_normalize_name_in_environment_naming_info' from '/home/azam/Desktop/sqlmesh-demo/venv/lib/python3.12/site-packages/sqlmesh/migrations/v0052_add_normalize_name_in_environment_naming_info.py'> (engine_adapter.py:1314)
2024-11-22 12:46:18,922 - MainThread - snowflake.connector.cursor - INFO - Number of results in first chunk: 1 (cursor.py:1166)
2024-11-22 12:46:19,120 - MainThread - sqlmesh.core.state_sync.engine_adapter - INFO - Applying migration <module 'sqlmesh.migrations.v0053_custom_model_kind_extra_attributes' from '/home/azam/Desktop/sqlmesh-demo/venv/lib/python3.12/site-packages/sqlmesh/migrations/v0053_custom_model_kind_extra_attributes.py'> (engine_adapter.py:1314)
2024-11-22 12:46:19,120 - MainThread - sqlmesh.core.state_sync.engine_adapter - INFO - Applying migration <module 'sqlmesh.migrations.v0054_fix_trailing_comments' from '/home/azam/Desktop/sqlmesh-demo/venv/lib/python3.12/site-packages/sqlmesh/migrations/v0054_fix_trailing_comments.py'> (engine_adapter.py:1314)
2024-11-22 12:46:19,120 - MainThread - sqlmesh.core.state_sync.engine_adapter - INFO - Applying migration <module 'sqlmesh.migrations.v0055_add_updated_ts_unpaused_ts_ttl_ms_unrestorable_to_snapshot' from '/home/azam/Desktop/sqlmesh-demo/venv/lib/python3.12/site-packages/sqlmesh/migrations/v0055_add_updated_ts_unpaused_ts_ttl_ms_unrestorable_to_snapshot.py'> (engine_adapter.py:1314)
2024-11-22 12:46:19,308 - MainThread - snowflake.connector.cursor - INFO - Number of results in first chunk: 1 (cursor.py:1166)
2024-11-22 12:46:19,805 - MainThread - snowflake.connector.cursor - INFO - Number of results in first chunk: 1 (cursor.py:1166)
2024-11-22 12:46:19,940 - MainThread - snowflake.connector.cursor - INFO - Number of results in first chunk: 1 (cursor.py:1166)
2024-11-22 12:46:20,098 - MainThread - snowflake.connector.cursor - INFO - Number of results in first chunk: 1 (cursor.py:1166)
2024-11-22 12:46:20,234 - MainThread - snowflake.connector.cursor - INFO - Number of results in first chunk: 1 (cursor.py:1166)
2024-11-22 12:46:20,361 - MainThread - snowflake.connector.cursor - INFO - Number of results in first chunk: 0 (cursor.py:1166)
2024-11-22 12:46:20,362 - MainThread - sqlmesh.core.state_sync.engine_adapter - INFO - Applying migration <module 'sqlmesh.migrations.v0056_restore_table_indexes' from '/home/azam/Desktop/sqlmesh-demo/venv/lib/python3.12/site-packages/sqlmesh/migrations/v0056_restore_table_indexes.py'> (engine_adapter.py:1314)
2024-11-22 12:46:20,362 - MainThread - sqlmesh.core.state_sync.engine_adapter - INFO - Applying migration <module 'sqlmesh.migrations.v0057_add_table_format' from '/home/azam/Desktop/sqlmesh-demo/venv/lib/python3.12/site-packages/sqlmesh/migrations/v0057_add_table_format.py'> (engine_adapter.py:1314)
2024-11-22 12:46:20,362 - MainThread - sqlmesh.core.state_sync.engine_adapter - INFO - Applying migration <module 'sqlmesh.migrations.v0058_add_requirements' from '/home/azam/Desktop/sqlmesh-demo/venv/lib/python3.12/site-packages/sqlmesh/migrations/v0058_add_requirements.py'> (engine_adapter.py:1314)
2024-11-22 12:46:20,505 - MainThread - snowflake.connector.cursor - INFO - Number of results in first chunk: 1 (cursor.py:1166)
2024-11-22 12:46:20,505 - MainThread - sqlmesh.core.state_sync.engine_adapter - INFO - Fetching environments (engine_adapter.py:1320)
2024-11-22 12:46:20,625 - MainThread - snowflake.connector.cursor - INFO - Number of results in first chunk: 0 (cursor.py:1166)
2024-11-22 12:46:20,626 - MainThread - sqlmesh.core.state_sync.engine_adapter - INFO - Migrating snapshot rows... (engine_adapter.py:1337)
2024-11-22 12:46:20,738 - MainThread - snowflake.connector.cursor - INFO - Number of results in first chunk: 0 (cursor.py:1166)
2024-11-22 12:46:20,738 - MainThread - sqlmesh.core.state_sync.engine_adapter - INFO - No changes to snapshots detected (engine_adapter.py:1330)
2024-11-22 12:46:21,234 - MainThread - snowflake.connector.cursor - INFO - Number of results in first chunk: 1 (cursor.py:1166)
2024-11-22 12:46:21,441 - MainThread - snowflake.connector.cursor - INFO - Number of results in first chunk: 1 (cursor.py:1166)
2024-11-22 12:46:21,585 - MainThread - snowflake.connector.cursor - INFO - Number of results in first chunk: 1 (cursor.py:1166)
2024-11-22 12:46:22,521 - MainThread - snowflake.connector.cursor - INFO - Number of results in first chunk: 1 (cursor.py:1166)
2024-11-22 12:46:22,816 - MainThread - snowflake.connector.cursor - INFO - Number of results in first chunk: 3 (cursor.py:1166)
2024-11-22 12:46:22,962 - MainThread - snowflake.connector.cursor - INFO - Number of results in first chunk: 1 (cursor.py:1166)
2024-11-22 12:46:23,250 - MainThread - snowflake.connector.cursor - INFO - Number of results in first chunk: 1 (cursor.py:1166)
2024-11-22 12:46:23,865 - MainThread - snowflake.connector.cursor - INFO - Number of results in first chunk: 1 (cursor.py:1166)
2024-11-22 12:46:24,651 - MainThread - snowflake.connector.cursor - INFO - Number of results in first chunk: 1 (cursor.py:1166)
2024-11-22 12:46:24,765 - MainThread - snowflake.connector.cursor - INFO - Number of results in first chunk: 1 (cursor.py:1166)
2024-11-22 12:46:24,880 - MainThread - snowflake.connector.cursor - INFO - Number of results in first chunk: 3 (cursor.py:1166)
2024-11-22 12:46:24,989 - MainThread - snowflake.connector.cursor - INFO - Number of results in first chunk: 1 (cursor.py:1166)
2024-11-22 12:46:25,147 - MainThread - snowflake.connector.cursor - INFO - Number of results in first chunk: 1 (cursor.py:1166)
2024-11-22 12:46:25,255 - MainThread - snowflake.connector.cursor - INFO - Number of results in first chunk: 1 (cursor.py:1166)
2024-11-22 12:46:25,392 - MainThread - snowflake.connector.cursor - INFO - Number of results in first chunk: 0 (cursor.py:1166)
2024-11-22 12:46:25,496 - MainThread - snowflake.connector.cursor - INFO - Number of results in first chunk: 1 (cursor.py:1166)
2024-11-22 12:46:25,497 - ThreadPoolExecutor-46_0 - snowflake.connector.connection - INFO - Snowflake Connector for Python Version: 3.12.3, Python Version: 3.12.3, Platform: Linux-6.8.0-49-generic-x86_64-with-glibc2.39 (connection.py:414)
2024-11-22 12:46:25,497 - ThreadPoolExecutor-46_0 - snowflake.connector.connection - INFO - Connecting to GLOBAL Snowflake domain (connection.py:1197)
2024-11-22 12:46:25,497 - ThreadPoolExecutor-46_0 - snowflake.connector.connection - INFO - This connection is in OCSP Fail Open Mode. TLS Certificates would be checked for validity and revocation status. Any other Certificate Revocation related exceptions or OCSP Responder failures would be disregarded in favor of connectivity. (connection.py:1278)
2024-11-22 12:46:26,144 - ThreadPoolExecutor-46_0 - snowflake.connector.cursor - INFO - Number of results in first chunk: 17 (cursor.py:1166)
2024-11-22 12:46:26,265 - ThreadPoolExecutor-46_0 - snowflake.connector.cursor - INFO - Number of results in first chunk: 1 (cursor.py:1166)
2024-11-22 12:46:26,284 - MainThread - snowflake.connector.connection - INFO - closed (connection.py:789)
2024-11-22 12:46:26,381 - MainThread - snowflake.connector.connection - INFO - No async queries seem to be running, deleting session (connection.py:795)
2024-11-22 12:46:26,485 - MainThread - snowflake.connector.connection - INFO - closed (connection.py:789)
2024-11-22 12:46:26,487 - MainThread - snowflake.connector.connection - INFO - No async queries seem to be running, deleting session (connection.py:795)
2024-11-22 12:46:26,585 - MainThread - root - INFO - Shutting down the event dispatcher (dispatcher.py:159)
